#
# A fatal error has been detected by the Java Runtime Environment:
#
#  EXCEPTION_ACCESS_VIOLATION (0xc0000005) at pc=0x00007ffa18c51bce, pid=13396, tid=14676
#
# JRE version: OpenJDK Runtime Environment Temurin-21.0.10+7 (21.0.10+7) (build 21.0.10+7-LTS)
# Java VM: OpenJDK 64-Bit Server VM Temurin-21.0.10+7 (21.0.10+7-LTS, mixed mode, sharing, tiered, compressed oops, compressed class ptrs, parallel gc, windows-amd64)
# Problematic frame:
# V  [jvm.dll+0x721bce]
#
# No core dump will be written. Minidumps are not enabled by default on client versions of Windows
#
# If you would like to submit a bug report, please visit:
#   https://github.com/adoptium/adoptium-support/issues
#

---------------  S U M M A R Y ------------

Command Line: --add-modules=ALL-SYSTEM --add-opens=java.base/java.util=ALL-UNNAMED --add-opens=java.base/java.lang=ALL-UNNAMED --add-opens=java.base/sun.nio.fs=ALL-UNNAMED -Declipse.application=org.eclipse.jdt.ls.core.id1 -Dosgi.bundles.defaultStartLevel=4 -Declipse.product=org.eclipse.jdt.ls.core.product -Djava.import.generatesMetadataFilesAtProjectRoot=false -DDetectVMInstallationsJob.disabled=true -Dfile.encoding=utf8 -XX:+UseParallelGC -XX:GCTimeRatio=4 -XX:AdaptiveSizePolicyWeight=90 -Dsun.zip.disableMemoryMapping=true -Xmx2G -Xms100m -Xlog:disable -javaagent:c:\Users\L13Y12W34\.vscode\extensions\redhat.java-1.53.0-win32-x64\lombok\lombok-1.18.39-4050.jar -XX:+HeapDumpOnOutOfMemoryError -XX:HeapDumpPath=c:\Users\L13Y12W34\AppData\Roaming\Code\User\workspaceStorage\1430edd360b6e3c002a369c9be45200b\redhat.java -Daether.dependencyCollector.impl=bf c:\Users\L13Y12W34\.vscode\extensions\redhat.java-1.53.0-win32-x64\server\plugins\org.eclipse.equinox.launcher_1.7.100.v20251111-0406.jar -configuration c:\Users\L13Y12W34\AppData\Roaming\Code\User\globalStorage\redhat.java\1.53.0\config_win -data c:\Users\L13Y12W34\AppData\Roaming\Code\User\workspaceStorage\1430edd360b6e3c002a369c9be45200b\redhat.java\jdt_ws --pipe=\\.\pipe\lsp-522e4f14956af55b31fbe48be32879df-sock

Host: 12th Gen Intel(R) Core(TM) i7-12700, 20 cores, 15G,  Windows 11 , 64 bit Build 26100 (10.0.26100.7705)
Time: Sat Mar  7 10:54:59 2026 Malay Peninsula Standard Time elapsed time: 39.289711 seconds (0d 0h 0m 39s)

---------------  T H R E A D  ---------------

Current thread (0x000001ec89159710):  JavaThread "C2 CompilerThread4" daemon [_thread_in_native, id=14676, stack(0x0000000f1b200000,0x0000000f1b300000) (1024K)]


Current CompileTask:
C2:39289 15079       4       lombok.eclipse.handlers.EclipseHandlerUtil::setGeneratedBy (10 bytes)

Stack: [0x0000000f1b200000,0x0000000f1b300000],  sp=0x0000000f1b2fc710,  free space=1009k
Native frames: (J=compiled Java code, j=interpreted, Vv=VM code, C=native code)
V  [jvm.dll+0x721bce]
V  [jvm.dll+0x1e3c81]
V  [jvm.dll+0x24c6b3]
V  [jvm.dll+0x24bb40]
V  [jvm.dll+0x1cb34e]
V  [jvm.dll+0x25b85d]
V  [jvm.dll+0x259dea]
V  [jvm.dll+0x3f857e]
V  [jvm.dll+0x85f59d]
V  [jvm.dll+0x6d626d]
C  [ucrtbase.dll+0x37b0]
C  [KERNEL32.DLL+0x2e8d7]
C  [ntdll.dll+0x8c40c]


siginfo: EXCEPTION_ACCESS_VIOLATION (0xc0000005), reading address 0x0000000002000000


Registers:
RAX=0x000001ec8a6398e8, RBX=0x0000000000000019, RCX=0x000001ec960b3240, RDX=0x0000000000008893
RSP=0x0000000f1b2fc710, RBP=0x0000000f1b2fc810, RSI=0x0000000000000017, RDI=0x000001ec8a639890
R8 =0x000001ec89593dd0, R9 =0x0000000000000020, R10=0x000000000000002c, R11=0x0000000000000000
R12=0x0000000002000000, R13=0x000001ec89593dd0, R14=0x000001ec8f50ed38, R15=0x00000000000000b4
RIP=0x00007ffa18c51bce, EFLAGS=0x0000000000010202

XMM[0]=0x0000000000000000 0x0000000000000000
XMM[1]=0x000001ec9635db00 0x000001ec87b73fe8
XMM[2]=0x0000000000000000 0x0000000000000000
XMM[3]=0x0000000000000000 0x0000000000000000
XMM[4]=0x0000000000000000 0x0000000000000000
XMM[5]=0x000001ec9635d840 0x000001ec9635d998
XMM[6]=0x000001ec975c19f0 0x00002c0900000000
XMM[7]=0x0000000000000000 0x0000000f1b2fcbe0
XMM[8]=0x0000000000000000 0x4087700000000000
XMM[9]=0x0000000000000000 0x0000000000000000
XMM[10]=0x0000000000000000 0x0000000000000000
XMM[11]=0x0000000000000000 0x0000000000000000
XMM[12]=0x0000000000000000 0x0000000000000000
XMM[13]=0x0000000000000000 0x0000000000000000
XMM[14]=0x0000000000000000 0x0000000000000000
XMM[15]=0x0000000000000000 0x0000000000000000
  MXCSR=0x00001fa0


Register to memory mapping:

RAX=0x000001ec8a6398e8 points into unknown readable memory: 0x0000000000000000 | 00 00 00 00 00 00 00 00
RBX=0x0000000000000019 is an unknown value
RCX=0x000001ec960b3240 points into unknown readable memory: 0x000001ec8f50ed38 | 38 ed 50 8f ec 01 00 00
RDX=0x0000000000008893 is an unknown value
RSP=0x0000000f1b2fc710 is pointing into the stack for thread: 0x000001ec89159710
RBP=0x0000000f1b2fc810 is pointing into the stack for thread: 0x000001ec89159710
RSI=0x0000000000000017 is an unknown value
RDI=0x000001ec8a639890 points into unknown readable memory: 0x0000000000000000 | 00 00 00 00 00 00 00 00
R8 =0x000001ec89593dd0 points into unknown readable memory: 0x00007ffa18f27ae0 | e0 7a f2 18 fa 7f 00 00
R9 =0x0000000000000020 is an unknown value
R10=0x000000000000002c is an unknown value
R11=0x0 is null
R12=0x0000000002000000 is an unknown value
R13=0x000001ec89593dd0 points into unknown readable memory: 0x00007ffa18f27ae0 | e0 7a f2 18 fa 7f 00 00
R14=0x000001ec8f50ed38 points into unknown readable memory: 0x00007ffa18f23078 | 78 30 f2 18 fa 7f 00 00
R15=0x00000000000000b4 is an unknown value

Top of Stack: (sp=0x0000000f1b2fc710)
0x0000000f1b2fc710:   00000000000462b0 000001ec942c40c0
0x0000000f1b2fc720:   0000000000000016 000001ec8a6396d8
0x0000000f1b2fc730:   000001ec000040c6 000001ec00000002
0x0000000f1b2fc740:   000001ec000040c1 0000000f1b2fc701
0x0000000f1b2fc750:   000001ec00000000 0000000f1b2fc7c0
0x0000000f1b2fc760:   0000000000000027 0000000000000000
0x0000000f1b2fc770:   0000000100000001 0000000f00002c09
0x0000000f1b2fc780:   000001ec89593dd0 000000b41b2fcb00
0x0000000f1b2fc790:   000001ec9712ea50 00000687000001e0
0x0000000f1b2fc7a0:   00007ffa000001b8 0000000000000000
0x0000000f1b2fc7b0:   00000000000000b4 000001ec942c40c0
0x0000000f1b2fc7c0:   00002c0900000000 000001ec975c19f0
0x0000000f1b2fc7d0:   0000000f1b2fcbe0 ffffffffffffffff
0x0000000f1b2fc7e0:   000001ec89594310 000001ec8914ae90
0x0000000f1b2fc7f0:   0000002d00000597 000001ec942c4fc0
0x0000000f1b2fc800:   000001ec86198878 00002c09000001e0
0x0000000f1b2fc810:   000001ec9712ea50 0000000f1b2fcbe0
0x0000000f1b2fc820:   000001ec86191a90 000001ec97226dd0
0x0000000f1b2fc830:   00002c0900000000 000001ec975c19f0
0x0000000f1b2fc840:   0000000f1b2fcbe0 ffffffff00000000
0x0000000f1b2fc850:   00000000000001e0 0000000000000000
0x0000000f1b2fc860:   000001ec9765c7c0 0000000000000000
0x0000000f1b2fc870:   000001ecfecee920 00000000000003d8
0x0000000f1b2fc880:   000001ecfecee930 000001ecfeceed08
0x0000000f1b2fc890:   0000000f1b2fcbe0 00000dbc00000200
0x0000000f1b2fc8a0:   000001ec94e25f20 00000000000001e4
0x0000000f1b2fc8b0:   0000000f1b2fcbe0 0000000100000800
0x0000000f1b2fc8c0:   000001ec94e26f20 000001ec000006b3
0x0000000f1b2fc8d0:   0000000f1b2fcbe0 000001ecfecee920
0x0000000f1b2fc8e0:   000001ecfecee930 000001ecfeceed08
0x0000000f1b2fc8f0:   00000000000003d8 000001ec88b2f668
0x0000000f1b2fc900:   000300030ffffcff 0003000300030003 

Instructions: (pc=0x00007ffa18c51bce)
0x00007ffa18c51ace:   00 00 48 63 57 28 48 8b 88 08 01 00 00 48 8b 45
0x00007ffa18c51ade:   80 42 8b 04 b8 39 04 91 74 04 ff c6 eb 85 48 8b
0x00007ffa18c51aee:   45 a8 44 8b 75 8c 4c 8b 6c 24 70 4c 8b a5 30 02
0x00007ffa18c51afe:   00 00 4a 89 3c f8 e9 6a 01 00 00 45 84 ed 75 68
0x00007ffa18c51b0e:   4c 8b 6c 24 70 41 83 7d 18 00 76 09 49 8b 45 20
0x00007ffa18c51b1e:   48 8b 00 eb 03 49 8b c6 48 8b 40 08 4c 8b a5 30
0x00007ffa18c51b2e:   02 00 00 4c 8b 55 d8 48 8b 75 a8 48 8b 48 08 49
0x00007ffa18c51b3e:   8b 44 24 48 48 8b 7d e8 8b 51 28 48 8b 48 78 48
0x00007ffa18c51b4e:   8b 04 d1 48 8b 4d 10 8b 40 4c 48 8b 14 c1 49 8b
0x00007ffa18c51b5e:   04 c2 4a 8b 0c f8 4a 89 0c fe 41 0f b6 04 17 41
0x00007ffa18c51b6e:   88 04 3f e9 e2 02 00 00 4d 85 e4 0f 84 c9 22 00
0x00007ffa18c51b7e:   00 e8 cc 29 8f ff 48 8d 88 80 02 00 00 48 8b 79
0x00007ffa18c51b8e:   18 48 8b 41 20 48 2b c7 48 83 f8 58 72 0a 48 8d
0x00007ffa18c51b9e:   47 58 48 89 41 18 eb 10 45 33 c0 ba 58 00 00 00
0x00007ffa18c51bae:   e8 7d 4f 9a ff 48 8b f8 4c 8b 6c 24 70 48 85 ff
0x00007ffa18c51bbe:   74 69 41 83 7d 18 00 76 07 49 8b 4d 20 4c 8b 31
0x00007ffa18c51bce:   49 8b 04 24 49 8b cc ff 50 28 41 8b 56 18 48 8b
0x00007ffa18c51bde:   cf 48 8b d8 e8 89 f1 f8 ff 48 8d 05 52 15 2d 00
0x00007ffa18c51bee:   48 89 5f 38 4d 8b c6 48 89 07 33 d2 48 c7 47 40
0x00007ffa18c51bfe:   00 00 00 00 48 8b cf 48 c7 47 48 ff ff ff ff c7
0x00007ffa18c51c0e:   47 50 01 00 00 00 c7 47 54 00 6c ca 88 c7 47 2c
0x00007ffa18c51c1e:   0c 00 00 00 e8 99 c6 99 ff eb 03 49 8b fe 48 8b
0x00007ffa18c51c2e:   45 a8 4c 8b cf 4c 8b a5 30 02 00 00 44 8b c6 49
0x00007ffa18c51c3e:   8b d5 4a 89 3c f8 8b 8d 38 02 00 00 89 4c 24 20
0x00007ffa18c51c4e:   8d 41 01 49 8b cc 89 85 38 02 00 00 e8 91 24 00
0x00007ffa18c51c5e:   00 48 63 4f 28 49 8b 84 24 08 01 00 00 44 8b 75
0x00007ffa18c51c6e:   8c 44 89 34 88 8b 9d b8 00 00 00 8d 43 01 89 85
0x00007ffa18c51c7e:   b8 00 00 00 3b 9d a8 00 00 00 72 0e 8b d3 48 8d
0x00007ffa18c51c8e:   8d a0 00 00 00 e8 18 0e f9 ff 48 8b 85 b0 00 00
0x00007ffa18c51c9e:   00 48 89 3c d8 48 8b 45 e8 41 c6 04 07 01 41 8b
0x00007ffa18c51cae:   5d 28 41 8b c6 ff cb 48 69 f0 b0 00 00 00 49 8b
0x00007ffa18c51cbe:   44 24 70 48 03 70 20 41 3b 5d 18 73 0a 49 8b 45 


Stack slot to memory mapping:

stack at sp + 0 slots: 0x00000000000462b0 is an unknown value
stack at sp + 1 slots: 0x000001ec942c40c0 points into unknown readable memory: 0x000001ec8a638ff8 | f8 8f 63 8a ec 01 00 00
stack at sp + 2 slots: 0x0000000000000016 is an unknown value
stack at sp + 3 slots: 0x000001ec8a6396d8 points into unknown readable memory: 0x00007ffa18f23140 | 40 31 f2 18 fa 7f 00 00
stack at sp + 4 slots: 0x000001ec000040c6 is an unknown value
stack at sp + 5 slots: 0x000001ec00000002 is an unknown value
stack at sp + 6 slots: 0x000001ec000040c1 is an unknown value
stack at sp + 7 slots: 0x0000000f1b2fc701 is pointing into the stack for thread: 0x000001ec89159710


---------------  P R O C E S S  ---------------

Threads class SMR info:
_java_thread_list=0x000001ec86b3f150, length=95, elements={
0x000001eca3bc5790, 0x000001eca3b6b660, 0x000001eca3b6e350, 0x000001eca3c66290,
0x000001eca3c694b0, 0x000001eca3c6b5a0, 0x000001eca3c6fb80, 0x000001eca3c7e3d0,
0x000001ecfca93260, 0x000001ecfcc8be30, 0x000001ecfcd52d40, 0x000001ec841a1c20,
0x000001ec842f2160, 0x000001ec842f48c0, 0x000001ec842f3510, 0x000001ec842f3ba0,
0x000001ecfea015f0, 0x000001ecfea03d50, 0x000001ecfea036c0, 0x000001ecfea008d0,
0x000001ecfea043e0, 0x000001ecfea01c80, 0x000001ecfea02310, 0x000001ecfea029a0,
0x000001ec849cf970, 0x000001ec849d13b0, 0x000001ec849cec50, 0x000001ec849d0000,
0x000001ec849d0d20, 0x000001ec849d0690, 0x000001ec849cf2e0, 0x000001ec849ce5c0,
0x000001ec849cdf30, 0x000001ec849d1a40, 0x000001ec849d2df0, 0x000001ec849d41a0,
0x000001ec849d3480, 0x000001ec849d4830, 0x000001ec849d3b10, 0x000001ec849d2760,
0x000001ec849d4ec0, 0x000001ec849d5550, 0x000001ec849d20d0, 0x000001ec864f39a0,
0x000001ec864f6100, 0x000001ec864f46c0, 0x000001ec864f4030, 0x000001ec864f3310,
0x000001ec864f6e20, 0x000001ec864f7b40, 0x000001ec89a56820, 0x000001ec86b35100,
0x000001ec86b34a30, 0x000001ec86b357d0, 0x000001ec8516fd10, 0x000001ec89159de0,
0x000001ec89159710, 0x000001ec84d5b320, 0x000001ec84d5b9f0, 0x000001ecfeadf640,
0x000001ec8518d790, 0x000001ec8518a310, 0x000001ec8518de20, 0x000001ec8518e4b0,
0x000001ec8518b030, 0x000001ec8518eb40, 0x000001ec8518f1d0, 0x000001ec8518f860,
0x000001ec8518fef0, 0x000001ecfe9ffbb0, 0x000001ecfea00240, 0x000001ecfe9fcdc0,
0x000001ecfe9fd450, 0x000001ecfe9fee90, 0x000001ecfe9fe170, 0x000001ecfe9ff520,
0x000001ec842f1440, 0x000001ec842f27f0, 0x000001ec842f2e80, 0x000001ec864f4d50,
0x000001ec864fa2a0, 0x000001ec864fa930, 0x000001ec8bb01370, 0x000001ec8bb02db0,
0x000001ec8bb047f0, 0x000001ec8bb04e80, 0x000001ec8bb02090, 0x000001ec8bb04160,
0x000001ec8bb01a00, 0x000001ec8bb05510, 0x000001ec8bb03440, 0x000001ec8bb03ad0,
0x000001ec8bb05ba0, 0x000001ec8bb02720, 0x000001ec8bb08990
}

Java Threads: ( => current thread )
  0x000001eca3bc5790 JavaThread "main"                              [_thread_blocked, id=10124, stack(0x0000000f19400000,0x0000000f19500000) (1024K)]
  0x000001eca3b6b660 JavaThread "Reference Handler"          daemon [_thread_blocked, id=16168, stack(0x0000000f19800000,0x0000000f19900000) (1024K)]
  0x000001eca3b6e350 JavaThread "Finalizer"                  daemon [_thread_blocked, id=14172, stack(0x0000000f19900000,0x0000000f19a00000) (1024K)]
  0x000001eca3c66290 JavaThread "Signal Dispatcher"          daemon [_thread_blocked, id=9324, stack(0x0000000f19a00000,0x0000000f19b00000) (1024K)]
  0x000001eca3c694b0 JavaThread "Attach Listener"            daemon [_thread_blocked, id=16264, stack(0x0000000f19b00000,0x0000000f19c00000) (1024K)]
  0x000001eca3c6b5a0 JavaThread "Service Thread"             daemon [_thread_blocked, id=21428, stack(0x0000000f19c00000,0x0000000f19d00000) (1024K)]
  0x000001eca3c6fb80 JavaThread "Monitor Deflation Thread"   daemon [_thread_blocked, id=21456, stack(0x0000000f19d00000,0x0000000f19e00000) (1024K)]
  0x000001eca3c7e3d0 JavaThread "C2 CompilerThread0"         daemon [_thread_in_native, id=20972, stack(0x0000000f19e00000,0x0000000f19f00000) (1024K)]
  0x000001ecfca93260 JavaThread "C1 CompilerThread0"         daemon [_thread_blocked, id=21284, stack(0x0000000f19f00000,0x0000000f1a000000) (1024K)]
  0x000001ecfcc8be30 JavaThread "Common-Cleaner"             daemon [_thread_blocked, id=4160, stack(0x0000000f1a300000,0x0000000f1a400000) (1024K)]
  0x000001ecfcd52d40 JavaThread "Notification Thread"        daemon [_thread_blocked, id=3272, stack(0x0000000f1a500000,0x0000000f1a600000) (1024K)]
  0x000001ec841a1c20 JavaThread "Active Thread: Equinox Container: c3c9e010-e7fb-4bde-9ba2-fc55d90569c1"        [_thread_blocked, id=7444, stack(0x0000000f1b400000,0x0000000f1b500000) (1024K)]
  0x000001ec842f2160 JavaThread "Framework Event Dispatcher: Equinox Container: c3c9e010-e7fb-4bde-9ba2-fc55d90569c1" daemon [_thread_blocked, id=20248, stack(0x0000000f1a200000,0x0000000f1a300000) (1024K)]
  0x000001ec842f48c0 JavaThread "Start Level: Equinox Container: c3c9e010-e7fb-4bde-9ba2-fc55d90569c1" daemon [_thread_blocked, id=14360, stack(0x0000000f1a600000,0x0000000f1a700000) (1024K)]
  0x000001ec842f3510 JavaThread "Bundle File Closer"         daemon [_thread_blocked, id=16532, stack(0x0000000f1b700000,0x0000000f1b800000) (1024K)]
  0x000001ec842f3ba0 JavaThread "Refresh Thread: Equinox Container: c3c9e010-e7fb-4bde-9ba2-fc55d90569c1" daemon [_thread_blocked, id=8676, stack(0x0000000f1b800000,0x0000000f1b900000) (1024K)]
  0x000001ecfea015f0 JavaThread "SCR Component Actor"        daemon [_thread_blocked, id=20888, stack(0x0000000f1b600000,0x0000000f1b700000) (1024K)]
  0x000001ecfea03d50 JavaThread "Worker-JM"                         [_thread_blocked, id=11272, stack(0x0000000f1cd00000,0x0000000f1ce00000) (1024K)]
  0x000001ecfea036c0 JavaThread "Worker-0"                          [_thread_blocked, id=14128, stack(0x0000000f1ce00000,0x0000000f1cf00000) (1024K)]
  0x000001ecfea008d0 JavaThread "Worker-1: Building"                [_thread_in_native, id=11132, stack(0x0000000f1cf00000,0x0000000f1d000000) (1024K)]
  0x000001ecfea043e0 JavaThread "Java indexing"              daemon [_thread_blocked, id=22044, stack(0x0000000f1d400000,0x0000000f1d500000) (1024K)]
  0x000001ecfea01c80 JavaThread "JNA Cleaner"                daemon [_thread_blocked, id=21244, stack(0x0000000f1d500000,0x0000000f1d600000) (1024K)]
  0x000001ecfea02310 JavaThread "Worker-2: Initialize Workspace"        [_thread_blocked, id=16476, stack(0x0000000f1d900000,0x0000000f1da00000) (1024K)]
  0x000001ecfea029a0 JavaThread "Worker-3"                          [_thread_blocked, id=9508, stack(0x0000000f1da00000,0x0000000f1db00000) (1024K)]
  0x000001ec849cf970 JavaThread "Thread-1"                   daemon [_thread_in_native, id=11328, stack(0x0000000f1db00000,0x0000000f1dc00000) (1024K)]
  0x000001ec849d13b0 JavaThread "Thread-2"                   daemon [_thread_in_native, id=17268, stack(0x0000000f1dc00000,0x0000000f1dd00000) (1024K)]
  0x000001ec849cec50 JavaThread "Thread-3"                   daemon [_thread_in_native, id=7968, stack(0x0000000f1dd00000,0x0000000f1de00000) (1024K)]
  0x000001ec849d0000 JavaThread "Thread-4"                   daemon [_thread_in_native, id=13672, stack(0x0000000f1de00000,0x0000000f1df00000) (1024K)]
  0x000001ec849d0d20 JavaThread "Thread-5"                   daemon [_thread_in_native, id=16504, stack(0x0000000f1df00000,0x0000000f1e000000) (1024K)]
  0x000001ec849d0690 JavaThread "Thread-6"                   daemon [_thread_in_native, id=2172, stack(0x0000000f1e000000,0x0000000f1e100000) (1024K)]
  0x000001ec849cf2e0 JavaThread "Thread-7"                   daemon [_thread_in_native, id=3968, stack(0x0000000f1e100000,0x0000000f1e200000) (1024K)]
  0x000001ec849ce5c0 JavaThread "Thread-8"                   daemon [_thread_in_native, id=16744, stack(0x0000000f1e200000,0x0000000f1e300000) (1024K)]
  0x000001ec849cdf30 JavaThread "Thread-9"                   daemon [_thread_in_native, id=19144, stack(0x0000000f1e300000,0x0000000f1e400000) (1024K)]
  0x000001ec849d1a40 JavaThread "Thread-10"                  daemon [_thread_in_native, id=21808, stack(0x0000000f1e400000,0x0000000f1e500000) (1024K)]
  0x000001ec849d2df0 JavaThread "Thread-11"                  daemon [_thread_in_native, id=13260, stack(0x0000000f1e500000,0x0000000f1e600000) (1024K)]
  0x000001ec849d41a0 JavaThread "Thread-12"                  daemon [_thread_in_native, id=18612, stack(0x0000000f1e600000,0x0000000f1e700000) (1024K)]
  0x000001ec849d3480 JavaThread "Thread-13"                  daemon [_thread_in_native, id=21796, stack(0x0000000f1e700000,0x0000000f1e800000) (1024K)]
  0x000001ec849d4830 JavaThread "Thread-14"                  daemon [_thread_in_native, id=16124, stack(0x0000000f1e800000,0x0000000f1e900000) (1024K)]
  0x000001ec849d3b10 JavaThread "Thread-15"                  daemon [_thread_in_native, id=21812, stack(0x0000000f1e900000,0x0000000f1ea00000) (1024K)]
  0x000001ec849d2760 JavaThread "Thread-16"                  daemon [_thread_in_native, id=21760, stack(0x0000000f1ea00000,0x0000000f1eb00000) (1024K)]
  0x000001ec849d4ec0 JavaThread "Thread-17"                  daemon [_thread_in_native, id=5000, stack(0x0000000f1eb00000,0x0000000f1ec00000) (1024K)]
  0x000001ec849d5550 JavaThread "Thread-18"                  daemon [_thread_in_native, id=18836, stack(0x0000000f1ec00000,0x0000000f1ed00000) (1024K)]
  0x000001ec849d20d0 JavaThread "Thread-19"                  daemon [_thread_in_native, id=4088, stack(0x0000000f1ed00000,0x0000000f1ee00000) (1024K)]
  0x000001ec864f39a0 JavaThread "Thread-20"                  daemon [_thread_in_native, id=20596, stack(0x0000000f1ee00000,0x0000000f1ef00000) (1024K)]
  0x000001ec864f6100 JavaThread "Thread-21"                  daemon [_thread_in_native, id=19588, stack(0x0000000f1ef00000,0x0000000f1f000000) (1024K)]
  0x000001ec864f46c0 JavaThread "pool-2-thread-1"                   [_thread_blocked, id=9636, stack(0x0000000f1f000000,0x0000000f1f100000) (1024K)]
  0x000001ec864f4030 JavaThread "WorkspaceEventsHandler"            [_thread_blocked, id=22500, stack(0x0000000f1f400000,0x0000000f1f500000) (1024K)]
  0x000001ec864f3310 JavaThread "pool-1-thread-1"                   [_thread_in_vm, id=21140, stack(0x0000000f1f500000,0x0000000f1f600000) (1024K)]
  0x000001ec864f6e20 JavaThread "Worker-4: Initialize workspace"        [_thread_blocked, id=15316, stack(0x0000000f1f700000,0x0000000f1f800000) (1024K)]
  0x000001ec864f7b40 JavaThread "Worker-5"                          [_thread_blocked, id=3608, stack(0x0000000f1f800000,0x0000000f1f900000) (1024K)]
  0x000001ec89a56820 JavaThread "C1 CompilerThread1"         daemon [_thread_blocked, id=15144, stack(0x0000000f1a000000,0x0000000f1a100000) (1024K)]
  0x000001ec86b35100 JavaThread "C2 CompilerThread1"         daemon [_thread_in_native, id=15356, stack(0x0000000f1ad00000,0x0000000f1ae00000) (1024K)]
  0x000001ec86b34a30 JavaThread "C2 CompilerThread2"         daemon [_thread_in_native, id=5640, stack(0x0000000f1ae00000,0x0000000f1af00000) (1024K)]
  0x000001ec86b357d0 JavaThread "C1 CompilerThread2"         daemon [_thread_blocked, id=17440, stack(0x0000000f1af00000,0x0000000f1b000000) (1024K)]
  0x000001ec8516fd10 JavaThread "C1 CompilerThread3"         daemon [_thread_blocked, id=12484, stack(0x0000000f1b000000,0x0000000f1b100000) (1024K)]
  0x000001ec89159de0 JavaThread "C2 CompilerThread3"         daemon [_thread_in_native, id=11532, stack(0x0000000f1b100000,0x0000000f1b200000) (1024K)]
=>0x000001ec89159710 JavaThread "C2 CompilerThread4"         daemon [_thread_in_native, id=14676, stack(0x0000000f1b200000,0x0000000f1b300000) (1024K)]
  0x000001ec84d5b320 JavaThread "C2 CompilerThread5"         daemon [_thread_in_native, id=15072, stack(0x0000000f1b300000,0x0000000f1b400000) (1024K)]
  0x000001ec84d5b9f0 JavaThread "C2 CompilerThread6"         daemon [_thread_in_native, id=22120, stack(0x0000000f1b900000,0x0000000f1ba00000) (1024K)]
  0x000001ecfeadf640 JavaThread "C2 CompilerThread7"         daemon [_thread_blocked, id=1916, stack(0x0000000f1ba00000,0x0000000f1bb00000) (1024K)]
  0x000001ec8518d790 JavaThread "Compiler Source File Reader" daemon [_thread_blocked, id=15276, stack(0x0000000f1bb00000,0x0000000f1bc00000) (1024K)]
  0x000001ec8518a310 JavaThread "Compiler Source File Reader" daemon [_thread_blocked, id=20552, stack(0x0000000f1bc00000,0x0000000f1bd00000) (1024K)]
  0x000001ec8518de20 JavaThread "Compiler Source File Reader" daemon [_thread_blocked, id=21792, stack(0x0000000f1bd00000,0x0000000f1be00000) (1024K)]
  0x000001ec8518e4b0 JavaThread "Compiler Source File Reader" daemon [_thread_blocked, id=3536, stack(0x0000000f1be00000,0x0000000f1bf00000) (1024K)]
  0x000001ec8518b030 JavaThread "Compiler Source File Reader" daemon [_thread_blocked, id=21524, stack(0x0000000f1bf00000,0x0000000f1c000000) (1024K)]
  0x000001ec8518eb40 JavaThread "Compiler Source File Reader" daemon [_thread_blocked, id=15004, stack(0x0000000f1c000000,0x0000000f1c100000) (1024K)]
  0x000001ec8518f1d0 JavaThread "Compiler Source File Reader" daemon [_thread_blocked, id=12904, stack(0x0000000f1c100000,0x0000000f1c200000) (1024K)]
  0x000001ec8518f860 JavaThread "Compiler Source File Reader" daemon [_thread_blocked, id=21060, stack(0x0000000f1c200000,0x0000000f1c300000) (1024K)]
  0x000001ec8518fef0 JavaThread "Compiler Source File Reader" daemon [_thread_blocked, id=22016, stack(0x0000000f1c300000,0x0000000f1c400000) (1024K)]
  0x000001ecfe9ffbb0 JavaThread "Compiler Source File Reader" daemon [_thread_blocked, id=19848, stack(0x0000000f1c400000,0x0000000f1c500000) (1024K)]
  0x000001ecfea00240 JavaThread "Compiler Source File Reader" daemon [_thread_blocked, id=9392, stack(0x0000000f1c500000,0x0000000f1c600000) (1024K)]
  0x000001ecfe9fcdc0 JavaThread "Compiler Source File Reader" daemon [_thread_blocked, id=17756, stack(0x0000000f1c600000,0x0000000f1c700000) (1024K)]
  0x000001ecfe9fd450 JavaThread "Compiler Source File Reader" daemon [_thread_blocked, id=15744, stack(0x0000000f1c700000,0x0000000f1c800000) (1024K)]
  0x000001ecfe9fee90 JavaThread "Compiler Source File Reader" daemon [_thread_blocked, id=5684, stack(0x0000000f1c800000,0x0000000f1c900000) (1024K)]
  0x000001ecfe9fe170 JavaThread "Compiler Source File Reader" daemon [_thread_blocked, id=22432, stack(0x0000000f1c900000,0x0000000f1ca00000) (1024K)]
  0x000001ecfe9ff520 JavaThread "ForkJoinPool.commonPool-worker-1" daemon [_thread_in_native, id=22128, stack(0x0000000f1d200000,0x0000000f1d300000) (1024K)]
  0x000001ec842f1440 JavaThread "Compiler Processing Task"   daemon [_thread_blocked, id=15608, stack(0x0000000f1d300000,0x0000000f1d400000) (1024K)]
  0x000001ec842f27f0 JavaThread "Compiler Class File Writer" daemon [_thread_blocked, id=22364, stack(0x0000000f1f100000,0x0000000f1f200000) (1024K)]
  0x000001ec842f2e80 JavaThread "Compiler Class File Writer" daemon [_thread_blocked, id=18884, stack(0x0000000f1f200000,0x0000000f1f300000) (1024K)]
  0x000001ec864f4d50 JavaThread "Compiler Class File Writer" daemon [_thread_blocked, id=18044, stack(0x0000000f1f600000,0x0000000f1f700000) (1024K)]
  0x000001ec864fa2a0 JavaThread "Compiler Class File Writer" daemon [_thread_blocked, id=21968, stack(0x0000000f1f900000,0x0000000f1fa00000) (1024K)]
  0x000001ec864fa930 JavaThread "Compiler Class File Writer" daemon [_thread_blocked, id=21972, stack(0x0000000f1fa00000,0x0000000f1fb00000) (1024K)]
  0x000001ec8bb01370 JavaThread "Compiler Class File Writer" daemon [_thread_blocked, id=5248, stack(0x0000000f1fb00000,0x0000000f1fc00000) (1024K)]
  0x000001ec8bb02db0 JavaThread "Compiler Class File Writer" daemon [_thread_blocked, id=2640, stack(0x0000000f1fc00000,0x0000000f1fd00000) (1024K)]
  0x000001ec8bb047f0 JavaThread "Compiler Class File Writer" daemon [_thread_blocked, id=8124, stack(0x0000000f1fd00000,0x0000000f1fe00000) (1024K)]
  0x000001ec8bb04e80 JavaThread "Compiler Class File Writer" daemon [_thread_blocked, id=14696, stack(0x0000000f1fe00000,0x0000000f1ff00000) (1024K)]
  0x000001ec8bb02090 JavaThread "Compiler Class File Writer" daemon [_thread_blocked, id=22480, stack(0x0000000f1ff00000,0x0000000f20000000) (1024K)]
  0x000001ec8bb04160 JavaThread "Compiler Class File Writer" daemon [_thread_blocked, id=5972, stack(0x0000000f20000000,0x0000000f20100000) (1024K)]
  0x000001ec8bb01a00 JavaThread "Compiler Class File Writer" daemon [_thread_blocked, id=2536, stack(0x0000000f20100000,0x0000000f20200000) (1024K)]
  0x000001ec8bb05510 JavaThread "Compiler Class File Writer" daemon [_thread_blocked, id=5420, stack(0x0000000f20200000,0x0000000f20300000) (1024K)]
  0x000001ec8bb03440 JavaThread "Compiler Class File Writer" daemon [_thread_blocked, id=9136, stack(0x0000000f20300000,0x0000000f20400000) (1024K)]
  0x000001ec8bb03ad0 JavaThread "Compiler Class File Writer" daemon [_thread_blocked, id=6444, stack(0x0000000f20400000,0x0000000f20500000) (1024K)]
  0x000001ec8bb05ba0 JavaThread "Compiler Class File Writer" daemon [_thread_blocked, id=18984, stack(0x0000000f20500000,0x0000000f20600000) (1024K)]
  0x000001ec8bb02720 JavaThread "Compiler Class File Writer" daemon [_thread_blocked, id=21756, stack(0x0000000f20600000,0x0000000f20700000) (1024K)]
  0x000001ec8bb08990 JavaThread "Compiler Class File Writer" daemon [_thread_blocked, id=21752, stack(0x0000000f20700000,0x0000000f20800000) (1024K)]
Total: 95

Other Threads:
  0x000001eca3c63a90 VMThread "VM Thread"                           [id=21500, stack(0x0000000f19700000,0x0000000f19800000) (1024K)]
  0x000001eca3a4ca00 WatcherThread "VM Periodic Task Thread"        [id=12452, stack(0x0000000f19600000,0x0000000f19700000) (1024K)]
  0x000001eca3be4f30 WorkerThread "GC Thread#0"                     [id=16352, stack(0x0000000f19500000,0x0000000f19600000) (1024K)]
  0x000001ec840c28f0 WorkerThread "GC Thread#1"                     [id=10064, stack(0x0000000f1a700000,0x0000000f1a800000) (1024K)]
  0x000001ec840c1de0 WorkerThread "GC Thread#2"                     [id=13680, stack(0x0000000f1a800000,0x0000000f1a900000) (1024K)]
  0x000001ec840c2190 WorkerThread "GC Thread#3"                     [id=13036, stack(0x0000000f1a900000,0x0000000f1aa00000) (1024K)]
  0x000001ec840c2540 WorkerThread "GC Thread#4"                     [id=2504, stack(0x0000000f1aa00000,0x0000000f1ab00000) (1024K)]
  0x000001ec840c2ca0 WorkerThread "GC Thread#5"                     [id=19436, stack(0x0000000f1ab00000,0x0000000f1ac00000) (1024K)]
  0x000001ec840c3050 WorkerThread "GC Thread#6"                     [id=21312, stack(0x0000000f1ac00000,0x0000000f1ad00000) (1024K)]
  0x000001ec840c1a30 WorkerThread "GC Thread#7"                     [id=10248, stack(0x0000000f1b500000,0x0000000f1b600000) (1024K)]
  0x000001ecff08c680 WorkerThread "GC Thread#8"                     [id=18356, stack(0x0000000f1cc00000,0x0000000f1cd00000) (1024K)]
  0x000001ecff08c2d0 WorkerThread "GC Thread#9"                     [id=16816, stack(0x0000000f1a100000,0x0000000f1a200000) (1024K)]
  0x000001ecff08bb70 WorkerThread "GC Thread#10"                    [id=10712, stack(0x0000000f1a400000,0x0000000f1a500000) (1024K)]
  0x000001ecff08f670 WorkerThread "GC Thread#11"                    [id=12468, stack(0x0000000f1ca00000,0x0000000f1cb00000) (1024K)]
  0x000001ecff08cde0 WorkerThread "GC Thread#12"                    [id=19636, stack(0x0000000f1cb00000,0x0000000f1cc00000) (1024K)]
  0x000001ecff08d540 WorkerThread "GC Thread#13"                    [id=11136, stack(0x0000000f1d000000,0x0000000f1d100000) (1024K)]
  0x000001ecff08bf20 WorkerThread "GC Thread#14"                    [id=15156, stack(0x0000000f1d100000,0x0000000f1d200000) (1024K)]
Total: 17

Threads with active compile tasks:
C2 CompilerThread0  39332 15039   !   4       lombok.core.FieldAugment$ReflectionFieldAugment::getAndSet (80 bytes)
C2 CompilerThread1  39332 17167       4       org.eclipse.jdt.internal.compiler.parser.Parser::consumeRule (7843 bytes)
C2 CompilerThread2  39332 17353 % !   4       org.eclipse.jdt.internal.compiler.classfmt.ClassFileReader::<init> @ 81 (1968 bytes)
C2 CompilerThread3  39332 15924       4       org.eclipse.jdt.internal.compiler.lookup.ModuleBinding$UnNamedModule::getAllRequiredModules (4 bytes)
C2 CompilerThread4  39332 15079       4       lombok.eclipse.handlers.EclipseHandlerUtil::setGeneratedBy (10 bytes)
C2 CompilerThread5  39332 16627       4       lombok.eclipse.EclipseASTAdapter::visitField (1 bytes)
C2 CompilerThread6  39332 16628       4       lombok.eclipse.EclipseASTAdapter::endVisitField (1 bytes)
C2 CompilerThread7  39332 15680       4       org.eclipse.jdt.internal.compiler.util.ObjectVector::elementAt (7 bytes)
Total: 8

VM state: synchronizing (normal execution)

VM Mutex/Monitor currently owned by a thread:  ([mutex/lock_event])
[0x00007ffa191ee560] Threads_lock - owner thread: 0x000001eca3c63a90
[0x00007ffa191ee660] Heap_lock - owner thread: 0x000001ecfea008d0

Heap address: 0x0000000080000000, size: 2048 MB, Compressed Oops mode: 32-bit

CDS archive(s) mapped at: [0x000001ecbb000000-0x000001ecbbba0000-0x000001ecbbba0000), size 12189696, SharedBaseAddress: 0x000001ecbb000000, ArchiveRelocationMode: 1.
Compressed class space mapped at: 0x000001ecbc000000-0x000001ecfc000000, reserved size: 1073741824
Narrow klass base: 0x000001ecbb000000, Narrow klass shift: 0, Narrow klass range: 0x100000000

GC Precious Log:
 CardTable entry size: 512
 CPUs: 20 total, 20 available
 Memory: 16125M
 Large Page Support: Disabled
 NUMA Support: Disabled
 Compressed Oops: Enabled (32-bit)
 Alignments: Space 512K, Generation 512K, Heap 2M
 Heap Min Capacity: 100M
 Heap Initial Capacity: 100M
 Heap Max Capacity: 2G
 Pre-touch: Disabled
 Parallel Workers: 15

Heap:
 PSYoungGen      total 4096K, used 3972K [0x00000000d5580000, 0x00000000d5a80000, 0x0000000100000000)
  eden space 3072K, 99% used [0x00000000d5580000,0x00000000d587c218,0x00000000d5880000)
  from space 1024K, 89% used [0x00000000d5980000,0x00000000d5a650e0,0x00000000d5a80000)
  to   space 1024K, 0% used [0x00000000d5880000,0x00000000d5880000,0x00000000d5980000)
 ParOldGen       total 148480K, used 148096K [0x0000000080000000, 0x0000000089100000, 0x00000000d5580000)
  object space 148480K, 99% used [0x0000000080000000,0x00000000890a02c8,0x0000000089100000)
 Metaspace       used 75502K, committed 77056K, reserved 1179648K
  class space    used 7829K, committed 8512K, reserved 1048576K

Card table byte_map: [0x000001eca3560000,0x000001eca3970000] _byte_map_base: 0x000001eca3160000

Marking Bits: (ParMarkBitMap*) 0x00007ffa191f3450
 Begin Bits: [0x000001ecb6070000, 0x000001ecb8070000)
 End Bits:   [0x000001ecb8070000, 0x000001ecba070000)

Polling page: 0x000001eca1680000

Metaspace:

Usage:
  Non-class:     66.09 MB used.
      Class:      7.65 MB used.
       Both:     73.73 MB used.

Virtual space:
  Non-class space:      128.00 MB reserved,      66.94 MB ( 52%) committed,  2 nodes.
      Class space:        1.00 GB reserved,       8.31 MB ( <1%) committed,  1 nodes.
             Both:        1.12 GB reserved,      75.25 MB (  7%) committed. 

Chunk freelists:
   Non-Class:  12.66 MB
       Class:  7.73 MB
        Both:  20.39 MB

MaxMetaspaceSize: unlimited
CompressedClassSpaceSize: 1.00 GB
Initial GC threshold: 21.00 MB
Current GC threshold: 97.31 MB
CDS: on
 - commit_granule_bytes: 65536.
 - commit_granule_words: 8192.
 - virtual_space_node_default_size: 8388608.
 - enlarge_chunks_in_place: 1.
 - use_allocation_guard: 0.


Internal statistics:

num_allocs_failed_limit: 9.
num_arena_births: 1306.
num_arena_deaths: 22.
num_vsnodes_births: 3.
num_vsnodes_deaths: 0.
num_space_committed: 1204.
num_space_uncommitted: 0.
num_chunks_returned_to_freelist: 35.
num_chunks_taken_from_freelist: 4617.
num_chunk_merges: 16.
num_chunk_splits: 2875.
num_chunks_enlarged: 1719.
num_inconsistent_stats: 0.

CodeHeap 'non-profiled nmethods': size=119168Kb used=11563Kb max_used=11563Kb free=107604Kb
 bounds [0x000001ecae960000, 0x000001ecaf4b0000, 0x000001ecb5dc0000]
CodeHeap 'profiled nmethods': size=119104Kb used=39455Kb max_used=39455Kb free=79649Kb
 bounds [0x000001eca6dc0000, 0x000001eca9450000, 0x000001ecae210000]
CodeHeap 'non-nmethods': size=7488Kb used=3216Kb max_used=3267Kb free=4271Kb
 bounds [0x000001ecae210000, 0x000001ecae5c0000, 0x000001ecae960000]
CodeCache: size=245760Kb, used=54234Kb, max_used=54285Kb, free=191524Kb
 total_blobs=17324, nmethods=16528, adapters=693, full_count=0
Compilation: enabled, stopped_count=0, restarted_count=0

Compilation events (20 events):
Event: 39.283 Thread 0x000001ecfca93260 nmethod 17393 0x000001eca9408190 code [0x000001eca9408420, 0x000001eca9408888]
Event: 39.283 Thread 0x000001ec86b357d0 nmethod 17301 0x000001eca9408b10 code [0x000001eca9408ce0, 0x000001eca9408f80]
Event: 39.283 Thread 0x000001ec8516fd10 17457       3       org.eclipse.jdt.internal.compiler.ast.MessageSend::analyseCode (992 bytes)
Event: 39.283 Thread 0x000001ecfeadf640 nmethod 17436 0x000001ecaf496790 code [0x000001ecaf496960, 0x000001ecaf496d30]
Event: 39.283 Thread 0x000001ecfca93260 17454       3       org.eclipse.jdt.internal.compiler.impl.CompilerOptions::isAnyEnabled (37 bytes)
Event: 39.283 Thread 0x000001ec89a56820 nmethod 17456 0x000001eca9409110 code [0x000001eca94092e0, 0x000001eca94095c8]
Event: 39.283 Thread 0x000001ec86b357d0 17455       3       org.eclipse.jdt.internal.compiler.ast.MessageSend::yieldQualifiedCheck (47 bytes)
Event: 39.283 Thread 0x000001ec89a56820 17458       3       org.eclipse.jdt.internal.compiler.ast.MessageSend::manageSyntheticAccessIfNecessary (250 bytes)
Event: 39.284 Thread 0x000001ecfca93260 nmethod 17454 0x000001eca9409790 code [0x000001eca9409980, 0x000001eca9409c70]
Event: 39.284 Thread 0x000001ec86b357d0 nmethod 17455 0x000001eca9409d90 code [0x000001eca9409fa0, 0x000001eca940a608]
Event: 39.284 Thread 0x000001ecfeadf640 16926       4       org.eclipse.jdt.internal.compiler.lookup.TypeBinding::isArrayType (15 bytes)
Event: 39.284 Thread 0x000001ec89159de0 nmethod 16048 0x000001ecaf496f90 code [0x000001ecaf497160, 0x000001ecaf4976a8]
Event: 39.284 Thread 0x000001ec86b357d0 17421       2       org.eclipse.jdt.internal.compiler.flow.UnconditionalFlowInfo::hasNullInfoFor (148 bytes)
Event: 39.284 Thread 0x000001ecfca93260 17333       2       org.eclipse.jdt.internal.compiler.ClassFile::lambda$6 (10 bytes)
Event: 39.284 Thread 0x000001ecfca93260 nmethod 17333 0x000001eca940a890 code [0x000001eca940aa20, 0x000001eca940ab18]
Event: 39.284 Thread 0x000001ecfca93260 17461       2       org.eclipse.jdt.internal.compiler.codegen.CodeStream::insertionIndex (90 bytes)
Event: 39.284 Thread 0x000001ec86b357d0 nmethod 17421 0x000001eca940ab90 code [0x000001eca940ad80, 0x000001eca940b1b8]
Event: 39.284 Thread 0x000001ec86b357d0 17459       2       org.eclipse.jdt.internal.compiler.codegen.CodeStream::store (442 bytes)
Event: 39.285 Thread 0x000001ecfca93260 nmethod 17461 0x000001eca940b490 code [0x000001eca940b640, 0x000001eca940b8c8]
Event: 39.285 Thread 0x000001ecfca93260 17425       2       org.eclipse.jdt.internal.compiler.codegen.CodeStream$$Lambda/0x000001ecbc824638::test (8 bytes)

GC Heap History (20 events):
Event: 39.206 GC heap after
{Heap after GC invocations=470 (full 3):
 PSYoungGen      total 4096K, used 1024K [0x00000000d5580000, 0x00000000d5d80000, 0x0000000100000000)
  eden space 3072K, 0% used [0x00000000d5580000,0x00000000d5580000,0x00000000d5880000)
  from space 1024K, 100% used [0x00000000d5880000,0x00000000d5980000,0x00000000d5980000)
  to   space 2560K, 0% used [0x00000000d5b00000,0x00000000d5b00000,0x00000000d5d80000)
 ParOldGen       total 142848K, used 142699K [0x0000000080000000, 0x0000000088b80000, 0x00000000d5580000)
  object space 142848K, 99% used [0x0000000080000000,0x0000000088b5af10,0x0000000088b80000)
 Metaspace       used 74875K, committed 76416K, reserved 1179648K
  class space    used 7761K, committed 8448K, reserved 1048576K
}
Event: 39.212 GC heap before
{Heap before GC invocations=471 (full 3):
 PSYoungGen      total 4096K, used 4096K [0x00000000d5580000, 0x00000000d5d80000, 0x0000000100000000)
  eden space 3072K, 100% used [0x00000000d5580000,0x00000000d5880000,0x00000000d5880000)
  from space 1024K, 100% used [0x00000000d5880000,0x00000000d5980000,0x00000000d5980000)
  to   space 2560K, 0% used [0x00000000d5b00000,0x00000000d5b00000,0x00000000d5d80000)
 ParOldGen       total 142848K, used 142699K [0x0000000080000000, 0x0000000088b80000, 0x00000000d5580000)
  object space 142848K, 99% used [0x0000000080000000,0x0000000088b5af10,0x0000000088b80000)
 Metaspace       used 74879K, committed 76416K, reserved 1179648K
  class space    used 7761K, committed 8448K, reserved 1048576K
}
Event: 39.213 GC heap after
{Heap after GC invocations=471 (full 3):
 PSYoungGen      total 4096K, used 576K [0x00000000d5580000, 0x00000000d5c00000, 0x0000000100000000)
  eden space 3072K, 0% used [0x00000000d5580000,0x00000000d5580000,0x00000000d5880000)
  from space 1024K, 56% used [0x00000000d5b00000,0x00000000d5b90000,0x00000000d5c00000)
  to   space 1536K, 0% used [0x00000000d5900000,0x00000000d5900000,0x00000000d5a80000)
 ParOldGen       total 143872K, used 143788K [0x0000000080000000, 0x0000000088c80000, 0x00000000d5580000)
  object space 143872K, 99% used [0x0000000080000000,0x0000000088c6b0e0,0x0000000088c80000)
 Metaspace       used 74879K, committed 76416K, reserved 1179648K
  class space    used 7761K, committed 8448K, reserved 1048576K
}
Event: 39.219 GC heap before
{Heap before GC invocations=472 (full 3):
 PSYoungGen      total 4096K, used 3648K [0x00000000d5580000, 0x00000000d5c00000, 0x0000000100000000)
  eden space 3072K, 100% used [0x00000000d5580000,0x00000000d5880000,0x00000000d5880000)
  from space 1024K, 56% used [0x00000000d5b00000,0x00000000d5b90000,0x00000000d5c00000)
  to   space 1536K, 0% used [0x00000000d5900000,0x00000000d5900000,0x00000000d5a80000)
 ParOldGen       total 143872K, used 143788K [0x0000000080000000, 0x0000000088c80000, 0x00000000d5580000)
  object space 143872K, 99% used [0x0000000080000000,0x0000000088c6b0e0,0x0000000088c80000)
 Metaspace       used 74900K, committed 76416K, reserved 1179648K
  class space    used 7763K, committed 8448K, reserved 1048576K
}
Event: 39.219 GC heap after
{Heap after GC invocations=472 (full 3):
 PSYoungGen      total 4608K, used 544K [0x00000000d5580000, 0x00000000d5b80000, 0x0000000100000000)
  eden space 3072K, 0% used [0x00000000d5580000,0x00000000d5580000,0x00000000d5880000)
  from space 1536K, 35% used [0x00000000d5900000,0x00000000d5988000,0x00000000d5a80000)
  to   space 1024K, 0% used [0x00000000d5a80000,0x00000000d5a80000,0x00000000d5b80000)
 ParOldGen       total 144384K, used 144188K [0x0000000080000000, 0x0000000088d00000, 0x00000000d5580000)
  object space 144384K, 99% used [0x0000000080000000,0x0000000088ccf0a8,0x0000000088d00000)
 Metaspace       used 74900K, committed 76416K, reserved 1179648K
  class space    used 7763K, committed 8448K, reserved 1048576K
}
Event: 39.222 GC heap before
{Heap before GC invocations=473 (full 3):
 PSYoungGen      total 4608K, used 3616K [0x00000000d5580000, 0x00000000d5b80000, 0x0000000100000000)
  eden space 3072K, 100% used [0x00000000d5580000,0x00000000d5880000,0x00000000d5880000)
  from space 1536K, 35% used [0x00000000d5900000,0x00000000d5988000,0x00000000d5a80000)
  to   space 1024K, 0% used [0x00000000d5a80000,0x00000000d5a80000,0x00000000d5b80000)
 ParOldGen       total 144384K, used 144188K [0x0000000080000000, 0x0000000088d00000, 0x00000000d5580000)
  object space 144384K, 99% used [0x0000000080000000,0x0000000088ccf0a8,0x0000000088d00000)
 Metaspace       used 74915K, committed 76416K, reserved 1179648K
  class space    used 7763K, committed 8448K, reserved 1048576K
}
Event: 39.223 GC heap after
{Heap after GC invocations=473 (full 3):
 PSYoungGen      total 4096K, used 624K [0x00000000d5580000, 0x00000000d5b80000, 0x0000000100000000)
  eden space 3072K, 0% used [0x00000000d5580000,0x00000000d5580000,0x00000000d5880000)
  from space 1024K, 60% used [0x00000000d5a80000,0x00000000d5b1c010,0x00000000d5b80000)
  to   space 1024K, 0% used [0x00000000d5980000,0x00000000d5980000,0x00000000d5a80000)
 ParOldGen       total 144896K, used 144500K [0x0000000080000000, 0x0000000088d80000, 0x00000000d5580000)
  object space 144896K, 99% used [0x0000000080000000,0x0000000088d1d0c8,0x0000000088d80000)
 Metaspace       used 74915K, committed 76416K, reserved 1179648K
  class space    used 7763K, committed 8448K, reserved 1048576K
}
Event: 39.227 GC heap before
{Heap before GC invocations=474 (full 3):
 PSYoungGen      total 4096K, used 3696K [0x00000000d5580000, 0x00000000d5b80000, 0x0000000100000000)
  eden space 3072K, 100% used [0x00000000d5580000,0x00000000d5880000,0x00000000d5880000)
  from space 1024K, 60% used [0x00000000d5a80000,0x00000000d5b1c010,0x00000000d5b80000)
  to   space 1024K, 0% used [0x00000000d5980000,0x00000000d5980000,0x00000000d5a80000)
 ParOldGen       total 144896K, used 144500K [0x0000000080000000, 0x0000000088d80000, 0x00000000d5580000)
  object space 144896K, 99% used [0x0000000080000000,0x0000000088d1d0c8,0x0000000088d80000)
 Metaspace       used 74924K, committed 76416K, reserved 1179648K
  class space    used 7763K, committed 8448K, reserved 1048576K
}
Event: 39.228 GC heap after
{Heap after GC invocations=474 (full 3):
 PSYoungGen      total 4096K, used 640K [0x00000000d5580000, 0x00000000d5b00000, 0x0000000100000000)
  eden space 3072K, 0% used [0x00000000d5580000,0x00000000d5580000,0x00000000d5880000)
  from space 1024K, 62% used [0x00000000d5980000,0x00000000d5a20000,0x00000000d5a80000)
  to   space 512K, 0% used [0x00000000d5a80000,0x00000000d5a80000,0x00000000d5b00000)
 ParOldGen       total 144896K, used 144884K [0x0000000080000000, 0x0000000088d80000, 0x00000000d5580000)
  object space 144896K, 99% used [0x0000000080000000,0x0000000088d7d118,0x0000000088d80000)
 Metaspace       used 74924K, committed 76416K, reserved 1179648K
  class space    used 7763K, committed 8448K, reserved 1048576K
}
Event: 39.230 GC heap before
{Heap before GC invocations=475 (full 3):
 PSYoungGen      total 4096K, used 3712K [0x00000000d5580000, 0x00000000d5b00000, 0x0000000100000000)
  eden space 3072K, 100% used [0x00000000d5580000,0x00000000d5880000,0x00000000d5880000)
  from space 1024K, 62% used [0x00000000d5980000,0x00000000d5a20000,0x00000000d5a80000)
  to   space 512K, 0% used [0x00000000d5a80000,0x00000000d5a80000,0x00000000d5b00000)
 ParOldGen       total 144896K, used 144884K [0x0000000080000000, 0x0000000088d80000, 0x00000000d5580000)
  object space 144896K, 99% used [0x0000000080000000,0x0000000088d7d118,0x0000000088d80000)
 Metaspace       used 74926K, committed 76416K, reserved 1179648K
  class space    used 7763K, committed 8448K, reserved 1048576K
}
Event: 39.231 GC heap after
{Heap after GC invocations=475 (full 3):
 PSYoungGen      total 3584K, used 496K [0x00000000d5580000, 0x00000000d5b00000, 0x0000000100000000)
  eden space 3072K, 0% used [0x00000000d5580000,0x00000000d5580000,0x00000000d5880000)
  from space 512K, 96% used [0x00000000d5a80000,0x00000000d5afc010,0x00000000d5b00000)
  to   space 1024K, 0% used [0x00000000d5900000,0x00000000d5900000,0x00000000d5a00000)
 ParOldGen       total 145408K, used 145285K [0x0000000080000000, 0x0000000088e00000, 0x00000000d5580000)
  object space 145408K, 99% used [0x0000000080000000,0x0000000088de1628,0x0000000088e00000)
 Metaspace       used 74926K, committed 76416K, reserved 1179648K
  class space    used 7763K, committed 8448K, reserved 1048576K
}
Event: 39.235 GC heap before
{Heap before GC invocations=476 (full 3):
 PSYoungGen      total 3584K, used 3568K [0x00000000d5580000, 0x00000000d5b00000, 0x0000000100000000)
  eden space 3072K, 100% used [0x00000000d5580000,0x00000000d5880000,0x00000000d5880000)
  from space 512K, 96% used [0x00000000d5a80000,0x00000000d5afc010,0x00000000d5b00000)
  to   space 1024K, 0% used [0x00000000d5900000,0x00000000d5900000,0x00000000d5a00000)
 ParOldGen       total 145408K, used 145285K [0x0000000080000000, 0x0000000088e00000, 0x00000000d5580000)
  object space 145408K, 99% used [0x0000000080000000,0x0000000088de1628,0x0000000088e00000)
 Metaspace       used 74944K, committed 76480K, reserved 1179648K
  class space    used 7763K, committed 8448K, reserved 1048576K
}
Event: 39.236 GC heap after
{Heap after GC invocations=476 (full 3):
 PSYoungGen      total 4096K, used 544K [0x00000000d5580000, 0x00000000d5b00000, 0x0000000100000000)
  eden space 3072K, 0% used [0x00000000d5580000,0x00000000d5580000,0x00000000d5880000)
  from space 1024K, 53% used [0x00000000d5900000,0x00000000d5988020,0x00000000d5a00000)
  to   space 1024K, 0% used [0x00000000d5a00000,0x00000000d5a00000,0x00000000d5b00000)
 ParOldGen       total 145920K, used 145493K [0x0000000080000000, 0x0000000088e80000, 0x00000000d5580000)
  object space 145920K, 99% used [0x0000000080000000,0x0000000088e15628,0x0000000088e80000)
 Metaspace       used 74944K, committed 76480K, reserved 1179648K
  class space    used 7763K, committed 8448K, reserved 1048576K
}
Event: 39.242 GC heap before
{Heap before GC invocations=477 (full 3):
 PSYoungGen      total 4096K, used 3616K [0x00000000d5580000, 0x00000000d5b00000, 0x0000000100000000)
  eden space 3072K, 100% used [0x00000000d5580000,0x00000000d5880000,0x00000000d5880000)
  from space 1024K, 53% used [0x00000000d5900000,0x00000000d5988020,0x00000000d5a00000)
  to   space 1024K, 0% used [0x00000000d5a00000,0x00000000d5a00000,0x00000000d5b00000)
 ParOldGen       total 145920K, used 145493K [0x0000000080000000, 0x0000000088e80000, 0x00000000d5580000)
  object space 145920K, 99% used [0x0000000080000000,0x0000000088e15628,0x0000000088e80000)
 Metaspace       used 74953K, committed 76480K, reserved 1179648K
  class space    used 7763K, committed 8448K, reserved 1048576K
}
Event: 39.242 GC heap after
{Heap after GC invocations=477 (full 3):
 PSYoungGen      total 4096K, used 640K [0x00000000d5580000, 0x00000000d5b00000, 0x0000000100000000)
  eden space 3072K, 0% used [0x00000000d5580000,0x00000000d5580000,0x00000000d5880000)
  from space 1024K, 62% used [0x00000000d5a00000,0x00000000d5aa0000,0x00000000d5b00000)
  to   space 1024K, 0% used [0x00000000d5900000,0x00000000d5900000,0x00000000d5a00000)
 ParOldGen       total 145920K, used 145829K [0x0000000080000000, 0x0000000088e80000, 0x00000000d5580000)
  object space 145920K, 99% used [0x0000000080000000,0x0000000088e69648,0x0000000088e80000)
 Metaspace       used 74953K, committed 76480K, reserved 1179648K
  class space    used 7763K, committed 8448K, reserved 1048576K
}
Event: 39.249 GC heap before
{Heap before GC invocations=478 (full 3):
 PSYoungGen      total 4096K, used 3711K [0x00000000d5580000, 0x00000000d5b00000, 0x0000000100000000)
  eden space 3072K, 99% used [0x00000000d5580000,0x00000000d587ffe0,0x00000000d5880000)
  from space 1024K, 62% used [0x00000000d5a00000,0x00000000d5aa0000,0x00000000d5b00000)
  to   space 1024K, 0% used [0x00000000d5900000,0x00000000d5900000,0x00000000d5a00000)
 ParOldGen       total 145920K, used 145829K [0x0000000080000000, 0x0000000088e80000, 0x00000000d5580000)
  object space 145920K, 99% used [0x0000000080000000,0x0000000088e69648,0x0000000088e80000)
 Metaspace       used 74976K, committed 76480K, reserved 1179648K
  class space    used 7763K, committed 8448K, reserved 1048576K
}
Event: 39.250 GC heap after
{Heap after GC invocations=478 (full 3):
 PSYoungGen      total 4096K, used 928K [0x00000000d5580000, 0x00000000d5a80000, 0x0000000100000000)
  eden space 3072K, 0% used [0x00000000d5580000,0x00000000d5580000,0x00000000d5880000)
  from space 1024K, 90% used [0x00000000d5900000,0x00000000d59e8000,0x00000000d5a00000)
  to   space 512K, 0% used [0x00000000d5a00000,0x00000000d5a00000,0x00000000d5a80000)
 ParOldGen       total 146432K, used 146229K [0x0000000080000000, 0x0000000088f00000, 0x00000000d5580000)
  object space 146432K, 99% used [0x0000000080000000,0x0000000088ecd688,0x0000000088f00000)
 Metaspace       used 74976K, committed 76480K, reserved 1179648K
  class space    used 7763K, committed 8448K, reserved 1048576K
}
Event: 39.265 GC heap before
{Heap before GC invocations=479 (full 3):
 PSYoungGen      total 4096K, used 4000K [0x00000000d5580000, 0x00000000d5a80000, 0x0000000100000000)
  eden space 3072K, 100% used [0x00000000d5580000,0x00000000d5880000,0x00000000d5880000)
  from space 1024K, 90% used [0x00000000d5900000,0x00000000d59e8000,0x00000000d5a00000)
  to   space 512K, 0% used [0x00000000d5a00000,0x00000000d5a00000,0x00000000d5a80000)
 ParOldGen       total 146432K, used 146229K [0x0000000080000000, 0x0000000088f00000, 0x00000000d5580000)
  object space 146432K, 99% used [0x0000000080000000,0x0000000088ecd688,0x0000000088f00000)
 Metaspace       used 75032K, committed 76544K, reserved 1179648K
  class space    used 7769K, committed 8448K, reserved 1048576K
}
Event: 39.266 GC heap after
{Heap after GC invocations=479 (full 3):
 PSYoungGen      total 3584K, used 512K [0x00000000d5580000, 0x00000000d5b80000, 0x0000000100000000)
  eden space 3072K, 0% used [0x00000000d5580000,0x00000000d5580000,0x00000000d5880000)
  from space 512K, 100% used [0x00000000d5a00000,0x00000000d5a80000,0x00000000d5a80000)
  to   space 1536K, 0% used [0x00000000d5880000,0x00000000d5880000,0x00000000d5a00000)
 ParOldGen       total 146944K, used 146840K [0x0000000080000000, 0x0000000088f80000, 0x00000000d5580000)
  object space 146944K, 99% used [0x0000000080000000,0x0000000088f66138,0x0000000088f80000)
 Metaspace       used 75032K, committed 76544K, reserved 1179648K
  class space    used 7769K, committed 8448K, reserved 1048576K
}
Event: 39.285 GC heap before
{Heap before GC invocations=480 (full 3):
 PSYoungGen      total 3584K, used 3583K [0x00000000d5580000, 0x00000000d5b80000, 0x0000000100000000)
  eden space 3072K, 99% used [0x00000000d5580000,0x00000000d587fff8,0x00000000d5880000)
  from space 512K, 100% used [0x00000000d5a00000,0x00000000d5a80000,0x00000000d5a80000)
  to   space 1536K, 0% used [0x00000000d5880000,0x00000000d5880000,0x00000000d5a00000)
 ParOldGen       total 146944K, used 146840K [0x0000000080000000, 0x0000000088f80000, 0x00000000d5580000)
  object space 146944K, 99% used [0x0000000080000000,0x0000000088f66138,0x0000000088f80000)
 Metaspace       used 75082K, committed 76608K, reserved 1179648K
  class space    used 7773K, committed 8448K, reserved 1048576K
}

Dll operation events (14 events):
Event: 0.053 Loaded shared library c:\Users\L13Y12W34\.vscode\extensions\redhat.java-1.53.0-win32-x64\jre\21.0.10-win32-x86_64\bin\java.dll
Event: 0.092 Loaded shared library c:\Users\L13Y12W34\.vscode\extensions\redhat.java-1.53.0-win32-x64\jre\21.0.10-win32-x86_64\bin\zip.dll
Event: 0.104 Loaded shared library C:\Users\L13Y12W34\.vscode\extensions\redhat.java-1.53.0-win32-x64\jre\21.0.10-win32-x86_64\bin\instrument.dll
Event: 0.130 Loaded shared library C:\Users\L13Y12W34\.vscode\extensions\redhat.java-1.53.0-win32-x64\jre\21.0.10-win32-x86_64\bin\net.dll
Event: 0.157 Loaded shared library C:\Users\L13Y12W34\.vscode\extensions\redhat.java-1.53.0-win32-x64\jre\21.0.10-win32-x86_64\bin\nio.dll
Event: 0.158 Loaded shared library C:\Users\L13Y12W34\.vscode\extensions\redhat.java-1.53.0-win32-x64\jre\21.0.10-win32-x86_64\bin\zip.dll
Event: 0.167 Loaded shared library C:\Users\L13Y12W34\.vscode\extensions\redhat.java-1.53.0-win32-x64\jre\21.0.10-win32-x86_64\bin\jimage.dll
Event: 0.225 Loaded shared library c:\Users\L13Y12W34\.vscode\extensions\redhat.java-1.53.0-win32-x64\jre\21.0.10-win32-x86_64\bin\verify.dll
Event: 5.745 Loaded shared library C:\Users\L13Y12W34\AppData\Roaming\Code\User\globalStorage\redhat.java\1.53.0\config_win\org.eclipse.equinox.launcher\org.eclipse.equinox.launcher.win32.win32.x86_64_1.3.0.v20260203-2149\eclipse_11919.dll
Event: 10.888 Loaded shared library C:\Users\L13Y12W34\.vscode\extensions\redhat.java-1.53.0-win32-x64\jre\21.0.10-win32-x86_64\bin\management.dll
Event: 10.889 Loaded shared library C:\Users\L13Y12W34\.vscode\extensions\redhat.java-1.53.0-win32-x64\jre\21.0.10-win32-x86_64\bin\management_ext.dll
Event: 11.479 Loaded shared library C:\Users\L13Y12W34\AppData\Local\Temp\jna-183644012\jna1105313053882748417.dll
Event: 11.566 Loaded shared library C:\Users\L13Y12W34\.vscode\extensions\redhat.java-1.53.0-win32-x64\jre\21.0.10-win32-x86_64\bin\sunmscapi.dll
Event: 11.808 Loaded shared library C:\Users\L13Y12W34\.vscode\extensions\redhat.java-1.53.0-win32-x64\jre\21.0.10-win32-x86_64\bin\extnet.dll

Deoptimization events (20 events):
Event: 39.269 Thread 0x000001ec864f3310 Uncommon trap: trap_request=0xffffff45 fr.pc=0x000001ecaf335798 relative=0x0000000000000238
Event: 39.269 Thread 0x000001ec864f3310 Uncommon trap: reason=unstable_if action=reinterpret pc=0x000001ecaf335798 method=org.eclipse.core.runtime.Path.computeFlags(Ljava/lang/String;Z)I @ 7 c2
Event: 39.270 Thread 0x000001ec864f3310 DEOPT PACKING pc=0x000001ecaf335798 sp=0x0000000f1f5fdac0
Event: 39.270 Thread 0x000001ec864f3310 DEOPT UNPACKING pc=0x000001ecae263aa2 sp=0x0000000f1f5fda30 mode 2
Event: 39.270 Thread 0x000001ec864f3310 Uncommon trap: trap_request=0xffffff45 fr.pc=0x000001ecaf1dc0d8 relative=0x0000000000001b38
Event: 39.270 Thread 0x000001ec864f3310 Uncommon trap: reason=unstable_if action=reinterpret pc=0x000001ecaf1dc0d8 method=org.eclipse.core.runtime.Path.computeSegmentCount(Ljava/lang/String;)I @ 11 c2
Event: 39.270 Thread 0x000001ec864f3310 DEOPT PACKING pc=0x000001ecaf1dc0d8 sp=0x0000000f1f5fda50
Event: 39.270 Thread 0x000001ec864f3310 DEOPT UNPACKING pc=0x000001ecae263aa2 sp=0x0000000f1f5fd998 mode 2
Event: 39.271 Thread 0x000001ec864f3310 Uncommon trap: trap_request=0xffffff45 fr.pc=0x000001ecaf47c798 relative=0x00000000000010d8
Event: 39.271 Thread 0x000001ec864f3310 Uncommon trap: reason=unstable_if action=reinterpret pc=0x000001ecaf47c798 method=java.net.URI.equalIgnoringCase(Ljava/lang/String;Ljava/lang/String;)Z @ 8 c2
Event: 39.271 Thread 0x000001ec864f3310 DEOPT PACKING pc=0x000001ecaf47c798 sp=0x0000000f1f5fdf50
Event: 39.271 Thread 0x000001ec864f3310 DEOPT UNPACKING pc=0x000001ecae263aa2 sp=0x0000000f1f5fdea0 mode 2
Event: 39.272 Thread 0x000001ec864f3310 Uncommon trap: trap_request=0xffffff45 fr.pc=0x000001ecaf1d929c relative=0x000000000000051c
Event: 39.272 Thread 0x000001ec864f3310 Uncommon trap: reason=unstable_if action=reinterpret pc=0x000001ecaf1d929c method=org.eclipse.core.runtime.Path.computeSegmentCount(Ljava/lang/String;)I @ 6 c2
Event: 39.272 Thread 0x000001ec864f3310 DEOPT PACKING pc=0x000001ecaf1d929c sp=0x0000000f1f5fdc40
Event: 39.272 Thread 0x000001ec864f3310 DEOPT UNPACKING pc=0x000001ecae263aa2 sp=0x0000000f1f5fdbe0 mode 2
Event: 39.273 Thread 0x000001ec864f3310 Uncommon trap: trap_request=0xffffff45 fr.pc=0x000001ecaf36edf0 relative=0x0000000000000390
Event: 39.273 Thread 0x000001ec864f3310 Uncommon trap: reason=unstable_if action=reinterpret pc=0x000001ecaf36edf0 method=java.net.URI.equalIgnoringCase(Ljava/lang/String;Ljava/lang/String;)Z @ 8 c2
Event: 39.273 Thread 0x000001ec864f3310 DEOPT PACKING pc=0x000001ecaf36edf0 sp=0x0000000f1f5fddb0
Event: 39.273 Thread 0x000001ec864f3310 DEOPT UNPACKING pc=0x000001ecae263aa2 sp=0x0000000f1f5fdd60 mode 2

Classes loaded (20 events):
Event: 37.991 Loading class java/util/regex/PatternSyntaxException
Event: 37.992 Loading class java/util/regex/PatternSyntaxException done
Event: 38.356 Loading class java/util/stream/ReduceOps$4
Event: 38.357 Loading class java/util/stream/ReduceOps$4 done
Event: 38.357 Loading class java/util/stream/ReduceOps$4ReducingSink
Event: 38.357 Loading class java/util/stream/ReduceOps$4ReducingSink done
Event: 38.359 Loading class java/nio/file/Files$2
Event: 38.360 Loading class java/nio/file/Files$2 done
Event: 38.805 Loading class jdk/internal/module/IllegalAccessLogger
Event: 38.805 Loading class jdk/internal/module/IllegalAccessLogger done
Event: 38.817 Loading class java/util/concurrent/ArrayBlockingQueue
Event: 38.817 Loading class java/util/concurrent/ArrayBlockingQueue done
Event: 38.876 Loading class java/util/Hashtable$ValueCollection
Event: 38.876 Loading class java/util/Hashtable$ValueCollection done
Event: 38.882 Loading class java/util/concurrent/ConcurrentHashMap$KeySpliterator
Event: 38.882 Loading class java/util/concurrent/ConcurrentHashMap$KeySpliterator done
Event: 39.257 Loading class java/util/concurrent/CompletableFuture$UniApply
Event: 39.257 Loading class java/util/concurrent/CompletableFuture$UniApply done
Event: 39.258 Loading class java/util/concurrent/CompletableFuture$UniExceptionally
Event: 39.258 Loading class java/util/concurrent/CompletableFuture$UniExceptionally done

Classes unloaded (11 events):
Event: 11.155 Thread 0x000001eca3c63a90 Unloading class 0x000001ecbc1b8800 'java/lang/invoke/LambdaForm$MH+0x000001ecbc1b8800'
Event: 11.155 Thread 0x000001eca3c63a90 Unloading class 0x000001ecbc1b8400 'java/lang/invoke/LambdaForm$MH+0x000001ecbc1b8400'
Event: 11.155 Thread 0x000001eca3c63a90 Unloading class 0x000001ecbc1b8000 'java/lang/invoke/LambdaForm$MH+0x000001ecbc1b8000'
Event: 11.155 Thread 0x000001eca3c63a90 Unloading class 0x000001ecbc1b7c00 'java/lang/invoke/LambdaForm$MH+0x000001ecbc1b7c00'
Event: 11.155 Thread 0x000001eca3c63a90 Unloading class 0x000001ecbc1b7800 'java/lang/invoke/LambdaForm$BMH+0x000001ecbc1b7800'
Event: 11.155 Thread 0x000001eca3c63a90 Unloading class 0x000001ecbc1b7400 'java/lang/invoke/LambdaForm$DMH+0x000001ecbc1b7400'
Event: 11.155 Thread 0x000001eca3c63a90 Unloading class 0x000001ecbc1b6000 'java/lang/invoke/LambdaForm$DMH+0x000001ecbc1b6000'
Event: 28.750 Thread 0x000001eca3c63a90 Unloading class 0x000001ecbc695400 'java/lang/invoke/LambdaForm$DMH+0x000001ecbc695400'
Event: 28.750 Thread 0x000001eca3c63a90 Unloading class 0x000001ecbc695000 'java/lang/invoke/LambdaForm$DMH+0x000001ecbc695000'
Event: 28.750 Thread 0x000001eca3c63a90 Unloading class 0x000001ecbc694c00 'java/lang/invoke/LambdaForm$DMH+0x000001ecbc694c00'
Event: 28.750 Thread 0x000001eca3c63a90 Unloading class 0x000001ecbc694800 'java/lang/invoke/LambdaForm$DMH+0x000001ecbc694800'

Classes redefined (0 events):
No events

Internal exceptions (20 events):
Event: 37.903 Thread 0x000001ec864f3310 Exception <a 'java/lang/IncompatibleClassChangeError'{0x00000000d590f960}: Found class java.lang.Object, but interface was expected> (0x00000000d590f960) 
thrown [s\src\hotspot\share\interpreter\linkResolver.cpp, line 840]
Event: 37.936 Thread 0x000001ecfea029a0 Exception <a 'sun/nio/fs/WindowsException'{0x00000000d5839d28}> (0x00000000d5839d28) 
thrown [s\src\hotspot\share\prims\jni.cpp, line 520]
Event: 37.936 Thread 0x000001ecfea029a0 Exception <a 'sun/nio/fs/WindowsException'{0x00000000d5846c00}> (0x00000000d5846c00) 
thrown [s\src\hotspot\share\prims\jni.cpp, line 520]
Event: 37.967 Thread 0x000001ecfea029a0 Exception <a 'java/lang/NoSuchMethodError'{0x00000000d5654548}: static Lorg/eclipse/m2e/core/internal/project/registry/MavenProjectFacade$MavenProjectConfiguration;.<clinit>()V> (0x00000000d5654548) 
thrown [s\src\hotspot\share\prims\jni.cpp, line 1111]
Event: 37.969 Thread 0x000001ecfea029a0 Exception <a 'java/lang/NoSuchMethodError'{0x00000000d5778a78}: static [J.<clinit>()V> (0x00000000d5778a78) 
thrown [s\src\hotspot\share\prims\jni.cpp, line 1111]
Event: 37.978 Thread 0x000001ecfea029a0 Exception <a 'sun/nio/fs/WindowsException'{0x00000000d59cff20}> (0x00000000d59cff20) 
thrown [s\src\hotspot\share\prims\jni.cpp, line 520]
Event: 37.978 Thread 0x000001ecfea029a0 Exception <a 'sun/nio/fs/WindowsException'{0x00000000d59e0930}> (0x00000000d59e0930) 
thrown [s\src\hotspot\share\prims\jni.cpp, line 520]
Event: 38.112 Thread 0x000001ecfea008d0 Exception <a 'sun/nio/fs/WindowsException'{0x00000000d5754418}> (0x00000000d5754418) 
thrown [s\src\hotspot\share\prims\jni.cpp, line 520]
Event: 38.112 Thread 0x000001ecfea008d0 Exception <a 'sun/nio/fs/WindowsException'{0x00000000d5754f20}> (0x00000000d5754f20) 
thrown [s\src\hotspot\share\prims\jni.cpp, line 520]
Event: 38.116 Thread 0x000001ecfea008d0 Exception <a 'sun/nio/fs/WindowsException'{0x00000000d59d8b78}> (0x00000000d59d8b78) 
thrown [s\src\hotspot\share\prims\jni.cpp, line 520]
Event: 38.116 Thread 0x000001ecfea008d0 Exception <a 'sun/nio/fs/WindowsException'{0x00000000d59d9900}> (0x00000000d59d9900) 
thrown [s\src\hotspot\share\prims\jni.cpp, line 520]
Event: 38.134 Thread 0x000001ecfea008d0 Exception <a 'java/lang/NoSuchMethodError'{0x00000000d57d0190}: 'int java.lang.invoke.DirectMethodHandle$Holder.invokeStatic(java.lang.Object)'> (0x00000000d57d0190) 
thrown [s\src\hotspot\share\interpreter\linkResolver.cpp, line 773]
Event: 38.363 Thread 0x000001ecfea008d0 Exception <a 'java/lang/NoSuchMethodError'{0x00000000d56acab8}: 'java.lang.Object java.lang.invoke.DirectMethodHandle$Holder.invokeStatic(java.lang.Object, java.lang.Object, int, int)'> (0x00000000d56acab8) 
thrown [s\src\hotspot\share\interpreter\linkResolver.cpp, line 773]
Event: 38.363 Thread 0x000001ecfea008d0 Exception <a 'java/lang/NoSuchMethodError'{0x00000000d56b1100}: 'java.lang.Object java.lang.invoke.DirectMethodHandle$Holder.invokeSpecial(java.lang.Object, java.lang.Object, java.lang.Object, int, int)'> (0x00000000d56b1100) 
thrown [s\src\hotspot\share\interpreter\linkResolver.cpp, line 773]
Event: 38.374 Thread 0x000001ecfea043e0 Implicit null exception at 0x000001ecaf104f3f to 0x000001ecaf104f92
Event: 38.494 Thread 0x000001ecfea008d0 Exception <a 'java/lang/NoSuchMethodError'{0x00000000d5a11db8}: 'void java.lang.invoke.DelegatingMethodHandle$Holder.reinvoke_L(java.lang.Object, java.lang.Object, java.lang.Object, int, java.lang.Object, int, int)'> (0x00000000d5a11db8) 
thrown [s\src\hotspot\share\interpreter\linkResolver.cpp, line 773]
Event: 38.846 Thread 0x000001ec842f1440 Exception <a 'java/lang/NoSuchMethodError'{0x00000000d5580f90}: 'void java.lang.invoke.DirectMethodHandle$Holder.invokeStatic(java.lang.Object, int, java.lang.Object)'> (0x00000000d5580f90) 
thrown [s\src\hotspot\share\interpreter\linkResolver.cpp, line 773]
Event: 38.887 Thread 0x000001ecfea008d0 Exception <a 'java/lang/NoSuchMethodError'{0x00000000d57900e0}: 'java.lang.Object java.lang.invoke.DirectMethodHandle$Holder.newInvokeSpecial(java.lang.Object, java.lang.Object, int, int, java.lang.Object)'> (0x00000000d57900e0) 
thrown [s\src\hotspot\share\interpreter\linkResolver.cpp, line 773]
Event: 39.271 Thread 0x000001ec864f3310 Implicit null exception at 0x000001ecaf47b744 to 0x000001ecaf47c77c
Event: 39.273 Thread 0x000001ec864f3310 Implicit null exception at 0x000001ecaf36ea8d to 0x000001ecaf36ede0

ZGC Phase Switch (0 events):
No events

VM Operations (20 events):
Event: 39.219 Executing safepoint VM operation: ParallelGCFailedAllocation (Allocation Failure) done
Event: 39.222 Executing safepoint VM operation: ParallelGCFailedAllocation (Allocation Failure)
Event: 39.223 Executing safepoint VM operation: ParallelGCFailedAllocation (Allocation Failure) done
Event: 39.227 Executing safepoint VM operation: ParallelGCFailedAllocation (Allocation Failure)
Event: 39.228 Executing safepoint VM operation: ParallelGCFailedAllocation (Allocation Failure) done
Event: 39.230 Executing safepoint VM operation: ParallelGCFailedAllocation (Allocation Failure)
Event: 39.231 Executing safepoint VM operation: ParallelGCFailedAllocation (Allocation Failure) done
Event: 39.235 Executing safepoint VM operation: ParallelGCFailedAllocation (Allocation Failure)
Event: 39.236 Executing safepoint VM operation: ParallelGCFailedAllocation (Allocation Failure) done
Event: 39.242 Executing safepoint VM operation: ParallelGCFailedAllocation (Allocation Failure)
Event: 39.242 Executing safepoint VM operation: ParallelGCFailedAllocation (Allocation Failure) done
Event: 39.249 Executing safepoint VM operation: ParallelGCFailedAllocation (Allocation Failure)
Event: 39.250 Executing safepoint VM operation: ParallelGCFailedAllocation (Allocation Failure) done
Event: 39.265 Executing safepoint VM operation: ParallelGCFailedAllocation (Allocation Failure)
Event: 39.266 Executing safepoint VM operation: ParallelGCFailedAllocation (Allocation Failure) done
Event: 39.279 Executing non-safepoint VM operation: HandshakeAllThreads (Deoptimize)
Event: 39.279 Executing non-safepoint VM operation: HandshakeAllThreads (Deoptimize) done
Event: 39.284 Executing non-safepoint VM operation: HandshakeAllThreads (Deoptimize)
Event: 39.284 Executing non-safepoint VM operation: HandshakeAllThreads (Deoptimize) done
Event: 39.285 Executing safepoint VM operation: ParallelGCFailedAllocation (Allocation Failure)

Memory protections (0 events):
No events

Nmethod flushes (20 events):
Event: 28.762 Thread 0x000001eca3c63a90 flushing  nmethod 0x000001eca7846190
Event: 28.762 Thread 0x000001eca3c63a90 flushing  nmethod 0x000001eca7848e90
Event: 28.762 Thread 0x000001eca3c63a90 flushing  nmethod 0x000001eca7849f10
Event: 28.762 Thread 0x000001eca3c63a90 flushing  nmethod 0x000001eca784a510
Event: 28.762 Thread 0x000001eca3c63a90 flushing  nmethod 0x000001eca784b410
Event: 28.762 Thread 0x000001eca3c63a90 flushing  nmethod 0x000001eca784bc90
Event: 28.762 Thread 0x000001eca3c63a90 flushing  nmethod 0x000001eca784c010
Event: 28.762 Thread 0x000001eca3c63a90 flushing  nmethod 0x000001eca784de10
Event: 28.762 Thread 0x000001eca3c63a90 flushing  nmethod 0x000001eca786e210
Event: 28.762 Thread 0x000001eca3c63a90 flushing  nmethod 0x000001eca786e810
Event: 28.762 Thread 0x000001eca3c63a90 flushing  nmethod 0x000001eca787ca90
Event: 28.762 Thread 0x000001eca3c63a90 flushing  nmethod 0x000001eca7894b10
Event: 28.762 Thread 0x000001eca3c63a90 flushing  nmethod 0x000001eca78d3910
Event: 28.762 Thread 0x000001eca3c63a90 flushing  nmethod 0x000001eca78d6f90
Event: 28.762 Thread 0x000001eca3c63a90 flushing  nmethod 0x000001eca790c390
Event: 28.762 Thread 0x000001eca3c63a90 flushing  nmethod 0x000001eca7911690
Event: 28.762 Thread 0x000001eca3c63a90 flushing  nmethod 0x000001eca7912210
Event: 28.762 Thread 0x000001eca3c63a90 flushing  nmethod 0x000001eca7924410
Event: 28.762 Thread 0x000001eca3c63a90 flushing  nmethod 0x000001eca7935590
Event: 28.762 Thread 0x000001eca3c63a90 flushing  nmethod 0x000001eca793f910

Events (20 events):
Event: 38.350 Thread 0x000001ecfea043e0 Thread added: 0x000001ecfe9ff520
Event: 38.818 Thread 0x000001ecfea008d0 Thread added: 0x000001ec842f1440
Event: 38.889 Thread 0x000001ecfea008d0 Thread added: 0x000001ec842f27f0
Event: 38.904 Thread 0x000001ecfea008d0 Thread added: 0x000001ec842f2e80
Event: 38.911 Thread 0x000001ecfea008d0 Thread added: 0x000001ec864f4d50
Event: 38.918 Thread 0x000001ecfea008d0 Thread added: 0x000001ec864fa2a0
Event: 38.924 Thread 0x000001ecfea008d0 Thread added: 0x000001ec864fa930
Event: 38.928 Thread 0x000001ecfea008d0 Thread added: 0x000001ec8bb01370
Event: 38.931 Thread 0x000001ecfea008d0 Thread added: 0x000001ec8bb02db0
Event: 38.936 Thread 0x000001ecfea008d0 Thread added: 0x000001ec8bb047f0
Event: 38.938 Thread 0x000001ecfea008d0 Thread added: 0x000001ec8bb04e80
Event: 38.941 Thread 0x000001ecfea008d0 Thread added: 0x000001ec8bb02090
Event: 38.988 Thread 0x000001ecfea008d0 Thread added: 0x000001ec8bb04160
Event: 38.988 Thread 0x000001ecfea008d0 Thread added: 0x000001ec8bb01a00
Event: 38.988 Thread 0x000001ecfea008d0 Thread added: 0x000001ec8bb05510
Event: 38.993 Thread 0x000001ecfea008d0 Thread added: 0x000001ec8bb03440
Event: 38.993 Thread 0x000001ecfea008d0 Thread added: 0x000001ec8bb03ad0
Event: 39.005 Thread 0x000001ecfea008d0 Thread added: 0x000001ec8bb05ba0
Event: 39.006 Thread 0x000001ecfea008d0 Thread added: 0x000001ec8bb02720
Event: 39.006 Thread 0x000001ecfea008d0 Thread added: 0x000001ec8bb08990


Dynamic libraries:
0x00007ff6060d0000 - 0x00007ff6060de000 	c:\Users\L13Y12W34\.vscode\extensions\redhat.java-1.53.0-win32-x64\jre\21.0.10-win32-x86_64\bin\java.exe
0x00007ffaa8fc0000 - 0x00007ffaa9228000 	C:\WINDOWS\SYSTEM32\ntdll.dll
0x00007ffaa77c0000 - 0x00007ffaa7889000 	C:\WINDOWS\System32\KERNEL32.DLL
0x00007ffaa5e40000 - 0x00007ffaa6231000 	C:\WINDOWS\System32\KERNELBASE.dll
0x00007ffaa5b50000 - 0x00007ffaa5c9b000 	C:\WINDOWS\System32\ucrtbase.dll
0x00007ffa91fa0000 - 0x00007ffa91fb8000 	c:\Users\L13Y12W34\.vscode\extensions\redhat.java-1.53.0-win32-x64\jre\21.0.10-win32-x86_64\bin\jli.dll
0x00007ffa8bb20000 - 0x00007ffa8bb3e000 	c:\Users\L13Y12W34\.vscode\extensions\redhat.java-1.53.0-win32-x64\jre\21.0.10-win32-x86_64\bin\VCRUNTIME140.dll
0x00007ffaa8c90000 - 0x00007ffaa8e56000 	C:\WINDOWS\System32\USER32.dll
0x00007ffa92330000 - 0x00007ffa925c3000 	C:\WINDOWS\WinSxS\amd64_microsoft.windows.common-controls_6595b64144ccf1df_6.0.26100.7824_none_3e0870b2e3345462\COMCTL32.dll
0x00007ffaa5e10000 - 0x00007ffaa5e37000 	C:\WINDOWS\System32\win32u.dll
0x00007ffaa8e80000 - 0x00007ffaa8f29000 	C:\WINDOWS\System32\msvcrt.dll
0x00007ffaa8c50000 - 0x00007ffaa8c7b000 	C:\WINDOWS\System32\GDI32.dll
0x00007ffaa6c30000 - 0x00007ffaa6d5b000 	C:\WINDOWS\System32\gdi32full.dll
0x00007ffaa5ca0000 - 0x00007ffaa5d43000 	C:\WINDOWS\System32\msvcp_win.dll
0x00007ffaa8f30000 - 0x00007ffaa8f61000 	C:\WINDOWS\System32\IMM32.DLL
0x00007ffa890b0000 - 0x00007ffa890bc000 	c:\Users\L13Y12W34\.vscode\extensions\redhat.java-1.53.0-win32-x64\jre\21.0.10-win32-x86_64\bin\vcruntime140_1.dll
0x00007ffa7c400000 - 0x00007ffa7c48d000 	c:\Users\L13Y12W34\.vscode\extensions\redhat.java-1.53.0-win32-x64\jre\21.0.10-win32-x86_64\bin\msvcp140.dll
0x00007ffa18530000 - 0x00007ffa192d1000 	c:\Users\L13Y12W34\.vscode\extensions\redhat.java-1.53.0-win32-x64\jre\21.0.10-win32-x86_64\bin\server\jvm.dll
0x00007ffaa71b0000 - 0x00007ffaa7264000 	C:\WINDOWS\System32\ADVAPI32.dll
0x00007ffaa8380000 - 0x00007ffaa8426000 	C:\WINDOWS\System32\sechost.dll
0x00007ffaa7a10000 - 0x00007ffaa7b28000 	C:\WINDOWS\System32\RPCRT4.dll
0x00007ffaa7890000 - 0x00007ffaa7904000 	C:\WINDOWS\System32\WS2_32.dll
0x00007ffaa5550000 - 0x00007ffaa55ae000 	C:\WINDOWS\SYSTEM32\POWRPROF.dll
0x00007ffa9f720000 - 0x00007ffa9f72b000 	C:\WINDOWS\SYSTEM32\VERSION.dll
0x00007ffa9e590000 - 0x00007ffa9e5c5000 	C:\WINDOWS\SYSTEM32\WINMM.dll
0x00007ffaa5530000 - 0x00007ffaa5544000 	C:\WINDOWS\SYSTEM32\UMPDC.dll
0x00007ffaa4600000 - 0x00007ffaa461b000 	C:\WINDOWS\SYSTEM32\kernel.appcore.dll
0x00007ffa7e7b0000 - 0x00007ffa7e7ba000 	c:\Users\L13Y12W34\.vscode\extensions\redhat.java-1.53.0-win32-x64\jre\21.0.10-win32-x86_64\bin\jimage.dll
0x00007ffa9a8d0000 - 0x00007ffa9ab12000 	C:\WINDOWS\SYSTEM32\DBGHELP.DLL
0x00007ffaa6e20000 - 0x00007ffaa71a6000 	C:\WINDOWS\System32\combase.dll
0x00007ffaa84c0000 - 0x00007ffaa8597000 	C:\WINDOWS\System32\OLEAUT32.dll
0x00007ffa7fd60000 - 0x00007ffa7fd9b000 	C:\WINDOWS\SYSTEM32\dbgcore.DLL
0x00007ffaa58a0000 - 0x00007ffaa5945000 	C:\WINDOWS\System32\bcryptPrimitives.dll
0x00007ffa7e7a0000 - 0x00007ffa7e7af000 	c:\Users\L13Y12W34\.vscode\extensions\redhat.java-1.53.0-win32-x64\jre\21.0.10-win32-x86_64\bin\instrument.dll
0x00007ffa7e780000 - 0x00007ffa7e7a0000 	c:\Users\L13Y12W34\.vscode\extensions\redhat.java-1.53.0-win32-x64\jre\21.0.10-win32-x86_64\bin\java.dll
0x00007ffaa7b30000 - 0x00007ffaa8282000 	C:\WINDOWS\System32\SHELL32.dll
0x00007ffaa59e0000 - 0x00007ffaa5b4a000 	C:\WINDOWS\System32\wintypes.dll
0x00007ffaa63c0000 - 0x00007ffaa6c23000 	C:\WINDOWS\System32\windows.storage.dll
0x00007ffaa7910000 - 0x00007ffaa7a06000 	C:\WINDOWS\System32\SHCORE.dll
0x00007ffaa6db0000 - 0x00007ffaa6e17000 	C:\WINDOWS\System32\shlwapi.dll
0x00007ffaa57c0000 - 0x00007ffaa57e9000 	C:\WINDOWS\SYSTEM32\profapi.dll
0x00007ffa7e760000 - 0x00007ffa7e778000 	c:\Users\L13Y12W34\.vscode\extensions\redhat.java-1.53.0-win32-x64\jre\21.0.10-win32-x86_64\bin\zip.dll
0x00007ffa7e750000 - 0x00007ffa7e760000 	C:\Users\L13Y12W34\.vscode\extensions\redhat.java-1.53.0-win32-x64\jre\21.0.10-win32-x86_64\bin\net.dll
0x00007ffaa0010000 - 0x00007ffaa0137000 	C:\WINDOWS\SYSTEM32\WINHTTP.dll
0x00007ffaa4b50000 - 0x00007ffaa4bbb000 	C:\WINDOWS\system32\mswsock.dll
0x00007ffa7d940000 - 0x00007ffa7d956000 	C:\Users\L13Y12W34\.vscode\extensions\redhat.java-1.53.0-win32-x64\jre\21.0.10-win32-x86_64\bin\nio.dll
0x00007ffa7e740000 - 0x00007ffa7e750000 	c:\Users\L13Y12W34\.vscode\extensions\redhat.java-1.53.0-win32-x64\jre\21.0.10-win32-x86_64\bin\verify.dll
0x00007ffa7bdd0000 - 0x00007ffa7be15000 	C:\Users\L13Y12W34\AppData\Roaming\Code\User\globalStorage\redhat.java\1.53.0\config_win\org.eclipse.equinox.launcher\org.eclipse.equinox.launcher.win32.win32.x86_64_1.3.0.v20260203-2149\eclipse_11919.dll
0x00007ffaa85a0000 - 0x00007ffaa8737000 	C:\WINDOWS\System32\ole32.dll
0x00007ffa7d8e0000 - 0x00007ffa7d8ea000 	C:\Users\L13Y12W34\.vscode\extensions\redhat.java-1.53.0-win32-x64\jre\21.0.10-win32-x86_64\bin\management.dll
0x00007ffa7d710000 - 0x00007ffa7d71c000 	C:\Users\L13Y12W34\.vscode\extensions\redhat.java-1.53.0-win32-x64\jre\21.0.10-win32-x86_64\bin\management_ext.dll
0x00007ffaa7470000 - 0x00007ffaa7478000 	C:\WINDOWS\System32\PSAPI.DLL
0x00007ffaa4f40000 - 0x00007ffaa4f5b000 	C:\WINDOWS\SYSTEM32\CRYPTSP.dll
0x00007ffaa4560000 - 0x00007ffaa4599000 	C:\WINDOWS\system32\rsaenh.dll
0x00007ffaa4c00000 - 0x00007ffaa4c2b000 	C:\WINDOWS\SYSTEM32\USERENV.dll
0x00007ffaa5790000 - 0x00007ffaa57ba000 	C:\WINDOWS\SYSTEM32\bcrypt.dll
0x00007ffaa4da0000 - 0x00007ffaa4dac000 	C:\WINDOWS\SYSTEM32\CRYPTBASE.dll
0x00007ffaa3d60000 - 0x00007ffaa3d94000 	C:\WINDOWS\SYSTEM32\IPHLPAPI.DLL
0x00007ffaa8f70000 - 0x00007ffaa8f7a000 	C:\WINDOWS\System32\NSI.dll
0x00007ffa7bd30000 - 0x00007ffa7bd79000 	C:\Users\L13Y12W34\AppData\Local\Temp\jna-183644012\jna1105313053882748417.dll
0x00007ffaa0370000 - 0x00007ffaa038e000 	C:\WINDOWS\SYSTEM32\dhcpcsvc6.DLL
0x00007ffaa02e0000 - 0x00007ffaa0303000 	C:\WINDOWS\SYSTEM32\dhcpcsvc.DLL
0x00007ffa7d700000 - 0x00007ffa7d70e000 	C:\Users\L13Y12W34\.vscode\extensions\redhat.java-1.53.0-win32-x64\jre\21.0.10-win32-x86_64\bin\sunmscapi.dll
0x00007ffaa6240000 - 0x00007ffaa63b7000 	C:\WINDOWS\System32\CRYPT32.dll
0x00007ffaa50a0000 - 0x00007ffaa50d0000 	C:\WINDOWS\SYSTEM32\ncrypt.dll
0x00007ffaa5050000 - 0x00007ffaa508f000 	C:\WINDOWS\SYSTEM32\NTASN1.dll
0x00007ffaa3de0000 - 0x00007ffaa3f0c000 	C:\WINDOWS\SYSTEM32\DNSAPI.dll
0x00007ffa9f920000 - 0x00007ffa9f92b000 	C:\Windows\System32\rasadhlp.dll
0x00007ffaa0a40000 - 0x00007ffaa0ac6000 	C:\WINDOWS\System32\fwpuclnt.dll
0x00007ffa7c5e0000 - 0x00007ffa7c5e9000 	C:\Users\L13Y12W34\.vscode\extensions\redhat.java-1.53.0-win32-x64\jre\21.0.10-win32-x86_64\bin\extnet.dll

JVMTI agents:
c:\Users\L13Y12W34\.vscode\extensions\redhat.java-1.53.0-win32-x64\lombok\lombok-1.18.39-4050.jar path:c:\Users\L13Y12W34\.vscode\extensions\redhat.java-1.53.0-win32-x64\jre\21.0.10-win32-x86_64\bin\instrument.dll, loaded, initialized, instrumentlib options:none

dbghelp: loaded successfully - version: 4.0.5 - missing functions: none
symbol engine: initialized successfully - sym options: 0x614 - pdb path: .;c:\Users\L13Y12W34\.vscode\extensions\redhat.java-1.53.0-win32-x64\jre\21.0.10-win32-x86_64\bin;C:\WINDOWS\SYSTEM32;C:\WINDOWS\WinSxS\amd64_microsoft.windows.common-controls_6595b64144ccf1df_6.0.26100.7824_none_3e0870b2e3345462;c:\Users\L13Y12W34\.vscode\extensions\redhat.java-1.53.0-win32-x64\jre\21.0.10-win32-x86_64\bin\server;C:\Users\L13Y12W34\AppData\Roaming\Code\User\globalStorage\redhat.java\1.53.0\config_win\org.eclipse.equinox.launcher\org.eclipse.equinox.launcher.win32.win32.x86_64_1.3.0.v20260203-2149;C:\Users\L13Y12W34\AppData\Local\Temp\jna-183644012

VM Arguments:
jvm_args: --add-modules=ALL-SYSTEM --add-opens=java.base/java.util=ALL-UNNAMED --add-opens=java.base/java.lang=ALL-UNNAMED --add-opens=java.base/sun.nio.fs=ALL-UNNAMED -Declipse.application=org.eclipse.jdt.ls.core.id1 -Dosgi.bundles.defaultStartLevel=4 -Declipse.product=org.eclipse.jdt.ls.core.product -Djava.import.generatesMetadataFilesAtProjectRoot=false -DDetectVMInstallationsJob.disabled=true -Dfile.encoding=utf8 -XX:+UseParallelGC -XX:GCTimeRatio=4 -XX:AdaptiveSizePolicyWeight=90 -Dsun.zip.disableMemoryMapping=true -Xmx2G -Xms100m -Xlog:disable -javaagent:c:\Users\L13Y12W34\.vscode\extensions\redhat.java-1.53.0-win32-x64\lombok\lombok-1.18.39-4050.jar -XX:+HeapDumpOnOutOfMemoryError -XX:HeapDumpPath=c:\Users\L13Y12W34\AppData\Roaming\Code\User\workspaceStorage\1430edd360b6e3c002a369c9be45200b\redhat.java -Daether.dependencyCollector.impl=bf 
java_command: c:\Users\L13Y12W34\.vscode\extensions\redhat.java-1.53.0-win32-x64\server\plugins\org.eclipse.equinox.launcher_1.7.100.v20251111-0406.jar -configuration c:\Users\L13Y12W34\AppData\Roaming\Code\User\globalStorage\redhat.java\1.53.0\config_win -data c:\Users\L13Y12W34\AppData\Roaming\Code\User\workspaceStorage\1430edd360b6e3c002a369c9be45200b\redhat.java\jdt_ws --pipe=\\.\pipe\lsp-522e4f14956af55b31fbe48be32879df-sock
java_class_path (initial): c:\Users\L13Y12W34\.vscode\extensions\redhat.java-1.53.0-win32-x64\server\plugins\org.eclipse.equinox.launcher_1.7.100.v20251111-0406.jar
Launcher Type: SUN_STANDARD

[Global flags]
    uintx AdaptiveSizePolicyWeight                 = 90                                        {product} {command line}
     intx CICompilerCount                          = 12                                        {product} {ergonomic}
    uintx GCTimeRatio                              = 4                                         {product} {command line}
     bool HeapDumpOnOutOfMemoryError               = true                                   {manageable} {command line}
    ccstr HeapDumpPath                             = c:\Users\L13Y12W34\AppData\Roaming\Code\User\workspaceStorage\1430edd360b6e3c002a369c9be45200b\redhat.java         {manageable} {command line}
   size_t InitialHeapSize                          = 104857600                                 {product} {command line}
   size_t MaxHeapSize                              = 2147483648                                {product} {command line}
   size_t MaxNewSize                               = 715653120                                 {product} {ergonomic}
   size_t MinHeapDeltaBytes                        = 524288                                    {product} {ergonomic}
   size_t MinHeapSize                              = 104857600                                 {product} {command line}
   size_t NewSize                                  = 34603008                                  {product} {ergonomic}
    uintx NonNMethodCodeHeapSize                   = 7602480                                {pd product} {ergonomic}
    uintx NonProfiledCodeHeapSize                  = 122027880                              {pd product} {ergonomic}
   size_t OldSize                                  = 70254592                                  {product} {ergonomic}
    uintx ProfiledCodeHeapSize                     = 122027880                              {pd product} {ergonomic}
    uintx ReservedCodeCacheSize                    = 251658240                              {pd product} {ergonomic}
     bool SegmentedCodeCache                       = true                                      {product} {ergonomic}
   size_t SoftMaxHeapSize                          = 2147483648                             {manageable} {ergonomic}
     bool UseCompressedOops                        = true                           {product lp64_product} {ergonomic}
     bool UseLargePagesIndividualAllocation        = false                                  {pd product} {ergonomic}
     bool UseParallelGC                            = true                                      {product} {command line}

Logging:
Log output configuration:
 #0: stdout all=off uptime,level,tags foldmultilines=false
 #1: stderr all=off uptime,level,tags foldmultilines=false

Release file:
JAVA_VERSION="21.0.10" 
MODULES="java.base java.compiler java.datatransfer java.xml java.prefs java.desktop java.instrument java.logging java.management java.security.sasl java.naming java.rmi java.management.rmi java.net.http java.scripting java.security.jgss java.transaction.xa java.sql java.sql.rowset java.xml.crypto java.se java.smartcardio jdk.accessibility jdk.internal.jvmstat jdk.attach jdk.charsets jdk.internal.opt jdk.zipfs jdk.compiler jdk.crypto.ec jdk.crypto.cryptoki jdk.crypto.mscapi jdk.dynalink jdk.internal.ed jdk.editpad jdk.hotspot.agent jdk.httpserver jdk.internal.le jdk.internal.vm.ci jdk.internal.vm.compiler jdk.internal.vm.compiler.management jdk.jartool jdk.javadoc jdk.jcmd jdk.management jdk.management.agent jdk.jconsole jdk.jdeps jdk.jdwp.agent jdk.jdi jdk.jfr jdk.jshell jdk.jsobject jdk.jstatd jdk.localedata jdk.management.jfr jdk.naming.dns jdk.naming.rmi jdk.net jdk.nio.mapmode jdk.random jdk.sctp jdk.security.auth jdk.security.jgss jdk.unsupported jdk.unsupported.desktop jdk.xml.dom" 

Environment Variables:
PATH=C:\Program Files (x86)\VMware\VMware Workstation\bin\;C:\Program Files\Microsoft\jdk-11.0.12.7-hotspot\bin;C:\Program Files\Common Files\Oracle\Java\javapath;C:\Program Files (x86)\Common Files\Oracle\Java\javapath;C:\WINDOWS\system32;C:\WINDOWS;C:\WINDOWS\System32\Wbem;C:\WINDOWS\System32\WindowsPowerShell\v1.0\;C:\WINDOWS\System32\OpenSSH\;C:\Program Files\Microsoft SQL Server\150\Tools\Binn\;C:\Program Files\Microsoft SQL Server\Client SDK\ODBC\170\Tools\Binn\;C:\Program Files\dotnet\;C:\Program Files (x86)\IncrediBuild;C:\Program Files\Git\cmd;C:\Program Files\nodejs\;C:\Users\L13Y12W34\AppData\Local\Microsoft\WindowsApps;C:\Users\L13Y12W34\AppData\Local\Programs\Microsoft VS Code\bin;D:\Windsurf\bin
USERNAME=L13Y12W34
OS=Windows_NT
PROCESSOR_IDENTIFIER=Intel64 Family 6 Model 151 Stepping 2, GenuineIntel
TMP=C:\Users\L13Y12~1\AppData\Local\Temp
TEMP=C:\Users\L13Y12~1\AppData\Local\Temp




Periodic native trim disabled

---------------  S Y S T E M  ---------------

OS:
 Windows 11 , 64 bit Build 26100 (10.0.26100.7705)
OS uptime: 0 days 0:13 hours
Hyper-V role detected

CPU: total 20 (initial active 20) (10 cores per cpu, 2 threads per core) family 6 model 151 stepping 2 microcode 0x23, cx8, cmov, fxsr, ht, mmx, 3dnowpref, sse, sse2, sse3, ssse3, sse4.1, sse4.2, popcnt, lzcnt, tsc, tscinvbit, avx, avx2, aes, erms, clmul, bmi1, bmi2, adx, sha, fma, vzeroupper, clflush, clflushopt, clwb, hv, serialize, rdtscp, rdpid, fsrm, f16c, cet_ibt, cet_ss
Processor Information for processor 0
  Max Mhz: 2100, Current Mhz: 2100, Mhz Limit: 2100
Processor Information for processor 1
  Max Mhz: 2100, Current Mhz: 2100, Mhz Limit: 2100
Processor Information for processor 2
  Max Mhz: 2100, Current Mhz: 2100, Mhz Limit: 2100
Processor Information for processor 3
  Max Mhz: 2100, Current Mhz: 2100, Mhz Limit: 2100
Processor Information for processor 4
  Max Mhz: 2100, Current Mhz: 2100, Mhz Limit: 2100
Processor Information for processor 5
  Max Mhz: 2100, Current Mhz: 2100, Mhz Limit: 2100
Processor Information for processor 6
  Max Mhz: 2100, Current Mhz: 2100, Mhz Limit: 2100
Processor Information for processor 7
  Max Mhz: 2100, Current Mhz: 2100, Mhz Limit: 2100
Processor Information for processor 8
  Max Mhz: 2100, Current Mhz: 2100, Mhz Limit: 2100
Processor Information for processor 9
  Max Mhz: 2100, Current Mhz: 2100, Mhz Limit: 2100
Processor Information for processor 10
  Max Mhz: 2100, Current Mhz: 2100, Mhz Limit: 2100
Processor Information for processor 11
  Max Mhz: 2100, Current Mhz: 2100, Mhz Limit: 2100
Processor Information for processor 12
  Max Mhz: 2100, Current Mhz: 2100, Mhz Limit: 2100
Processor Information for processor 13
  Max Mhz: 2100, Current Mhz: 2100, Mhz Limit: 2100
Processor Information for processor 14
  Max Mhz: 2100, Current Mhz: 2100, Mhz Limit: 2100
Processor Information for processor 15
  Max Mhz: 2100, Current Mhz: 2100, Mhz Limit: 2100
Processor Information for processor 16
  Max Mhz: 2100, Current Mhz: 1600, Mhz Limit: 1596
Processor Information for processor 17
  Max Mhz: 2100, Current Mhz: 1600, Mhz Limit: 1596
Processor Information for processor 18
  Max Mhz: 2100, Current Mhz: 1600, Mhz Limit: 1596
Processor Information for processor 19
  Max Mhz: 2100, Current Mhz: 1600, Mhz Limit: 1596

Memory: 4k page, system-wide physical 16125M (5281M free)
TotalPageFile size 17149M (AvailPageFile size 4926M)
current process WorkingSet (physical memory assigned to process): 543M, peak: 543M
current process commit charge ("private bytes"): 647M, peak: 647M

vm_info: OpenJDK 64-Bit Server VM (21.0.10+7-LTS) for windows-amd64 JRE (21.0.10+7-LTS), built on 2026-01-20T00:00:00Z by "admin" with MS VC++ 17.12 (VS2022)

END.
